::1 - - [17/Oct/2022:20:54:41 +0700] "GET /auth HTTP/1.1" 200 4498
::1 - - [17/Oct/2022:20:54:41 +0700] "GET /assets/css/auth/styles.css?time=1666014881 HTTP/1.1" 200 4098
::1 - - [17/Oct/2022:20:54:41 +0700] "GET /assets/js/auth/main.js HTTP/1.1" 304 -
::1 - - [17/Oct/2022:20:54:42 +0700] "GET /favicon.ico HTTP/1.1" 404 1130
::1 - - [17/Oct/2022:20:54:49 +0700] "POST /auth/login HTTP/1.1" 303 -
::1 - - [17/Oct/2022:20:54:49 +0700] "GET /dashboard HTTP/1.1" 200 16244
::1 - - [17/Oct/2022:20:54:49 +0700] "GET /assets/css/admin/style.css?time=1666014889 HTTP/1.1" 200 131885
::1 - - [17/Oct/2022:20:54:49 +0700] "GET /assets/css/admin/perfect-scrollbar.css HTTP/1.1" 404 1130
::1 - - [17/Oct/2022:20:54:49 +0700] "GET /assets/css/admin/dataTables.bootstrap4.css HTTP/1.1" 404 1130
::1 - - [17/Oct/2022:20:54:49 +0700] "GET /assets/css/admin/responsive.dataTables.min.css HTTP/1.1" 404 1130
::1 - - [17/Oct/2022:20:54:49 +0700] "GET /assets/js/admin/custom.min.js HTTP/1.1" 304 -
::1 - - [17/Oct/2022:20:54:50 +0700] "GET /assets/css/admin/perfect-scrollbar.css HTTP/1.1" 404 1130
::1 - - [17/Oct/2022:20:54:50 +0700] "GET /assets/css/admin/dataTables.bootstrap4.css HTTP/1.1" 404 1130
::1 - - [17/Oct/2022:20:54:50 +0700] "GET /assets/css/admin/responsive.dataTables.min.css HTTP/1.1" 404 1130
::1 - - [17/Oct/2022:20:55:36 +0700] "GET /dashboard/kelas HTTP/1.1" 200 13607
::1 - - [17/Oct/2022:20:55:37 +0700] "GET /assets/css/admin/style.css?time=1666014937 HTTP/1.1" 200 131885
::1 - - [17/Oct/2022:20:55:37 +0700] "GET /assets/css/admin/perfect-scrollbar.css HTTP/1.1" 404 1130
::1 - - [17/Oct/2022:20:55:37 +0700] "GET /assets/css/admin/dataTables.bootstrap4.css HTTP/1.1" 404 1130
::1 - - [17/Oct/2022:20:55:37 +0700] "GET /assets/css/admin/responsive.dataTables.min.css HTTP/1.1" 404 1130
::1 - - [17/Oct/2022:20:55:37 +0700] "GET /assets/css/admin/perfect-scrollbar.css HTTP/1.1" 404 1130
::1 - - [17/Oct/2022:20:55:37 +0700] "GET /assets/css/admin/dataTables.bootstrap4.css HTTP/1.1" 404 1130
::1 - - [17/Oct/2022:20:55:37 +0700] "GET /assets/css/admin/responsive.dataTables.min.css HTTP/1.1" 404 1130
::1 - - [17/Oct/2022:20:56:43 +0700] "GET /dashboard/kelas/1 HTTP/1.1" 200 13175
::1 - - [17/Oct/2022:20:56:44 +0700] "GET /assets/css/admin/style.css?time=1666015003 HTTP/1.1" 200 131885
::1 - - [17/Oct/2022:20:56:44 +0700] "GET /assets/css/admin/perfect-scrollbar.css HTTP/1.1" 404 1130
::1 - - [17/Oct/2022:20:56:44 +0700] "GET /assets/css/admin/dataTables.bootstrap4.css HTTP/1.1" 404 1130
::1 - - [17/Oct/2022:20:56:44 +0700] "GET /assets/css/admin/responsive.dataTables.min.css HTTP/1.1" 404 1130
::1 - - [17/Oct/2022:20:56:44 +0700] "GET /assets/css/admin/perfect-scrollbar.css HTTP/1.1" 404 1130
::1 - - [17/Oct/2022:20:56:44 +0700] "GET /assets/css/admin/dataTables.bootstrap4.css HTTP/1.1" 404 1130
::1 - - [17/Oct/2022:20:56:44 +0700] "GET /assets/css/admin/responsive.dataTables.min.css HTTP/1.1" 404 1130
::1 - - [17/Oct/2022:20:56:44 +0700] "GET /assets/img/avatar/48596dfaab2a5f55c1c99cdf6bd9020d.jpg HTTP/1.1" 304 -
::1 - - [17/Oct/2022:20:56:53 +0700] "GET /dashboard/kelas HTTP/1.1" 200 13607
::1 - - [17/Oct/2022:20:56:53 +0700] "GET /assets/css/admin/style.css?time=1666015013 HTTP/1.1" 200 131885
::1 - - [17/Oct/2022:20:56:57 +0700] "GET /dashboard/materi HTTP/1.1" 200 17502
::1 - - [17/Oct/2022:20:56:58 +0700] "GET /assets/css/admin/style.css?time=1666015018 HTTP/1.1" 200 131885
::1 - - [17/Oct/2022:20:56:58 +0700] "GET /assets/css/admin/perfect-scrollbar.css HTTP/1.1" 404 1130
::1 - - [17/Oct/2022:20:56:58 +0700] "GET /assets/css/admin/dataTables.bootstrap4.css HTTP/1.1" 404 1130
::1 - - [17/Oct/2022:20:56:58 +0700] "GET /assets/css/admin/responsive.dataTables.min.css HTTP/1.1" 404 1130
::1 - - [17/Oct/2022:20:56:58 +0700] "GET /assets/css/admin/perfect-scrollbar.css HTTP/1.1" 404 1130
::1 - - [17/Oct/2022:20:56:58 +0700] "GET /assets/css/admin/responsive.dataTables.min.css HTTP/1.1" 404 1130
::1 - - [17/Oct/2022:20:56:58 +0700] "GET /assets/css/admin/dataTables.bootstrap4.css HTTP/1.1" 404 1130
::1 - - [17/Oct/2022:20:57:17 +0700] "GET /dashboard/siswa HTTP/1.1" 200 12654
::1 - - [17/Oct/2022:20:57:17 +0700] "GET /assets/css/admin/style.css?time=1666015037 HTTP/1.1" 200 131885
::1 - - [17/Oct/2022:20:57:17 +0700] "GET /assets/css/admin/responsive.dataTables.min.css HTTP/1.1" 404 1130
::1 - - [17/Oct/2022:20:57:17 +0700] "GET /assets/css/admin/dataTables.bootstrap4.css HTTP/1.1" 404 1130
::1 - - [17/Oct/2022:20:57:17 +0700] "GET /assets/css/admin/perfect-scrollbar.css HTTP/1.1" 404 1130
::1 - - [17/Oct/2022:20:57:18 +0700] "GET /assets/css/admin/responsive.dataTables.min.css HTTP/1.1" 404 1130
::1 - - [17/Oct/2022:20:57:18 +0700] "GET /assets/css/admin/dataTables.bootstrap4.css HTTP/1.1" 404 1130
::1 - - [17/Oct/2022:20:57:18 +0700] "GET /assets/css/admin/perfect-scrollbar.css HTTP/1.1" 404 1130
::1 - - [17/Oct/2022:21:22:58 +0700] "GET /dashboard/kelas HTTP/1.1" 200 13607
::1 - - [17/Oct/2022:21:22:58 +0700] "GET /assets/css/admin/style.css?time=1666016578 HTTP/1.1" 200 131885
::1 - - [17/Oct/2022:21:22:58 +0700] "GET /assets/css/admin/perfect-scrollbar.css HTTP/1.1" 404 1130
::1 - - [17/Oct/2022:21:22:58 +0700] "GET /assets/css/admin/responsive.dataTables.min.css HTTP/1.1" 404 1130
::1 - - [17/Oct/2022:21:22:58 +0700] "GET /assets/css/admin/dataTables.bootstrap4.css HTTP/1.1" 404 1130
::1 - - [17/Oct/2022:21:22:59 +0700] "GET /assets/css/admin/dataTables.bootstrap4.css HTTP/1.1" 404 1130
::1 - - [17/Oct/2022:21:22:59 +0700] "GET /assets/css/admin/perfect-scrollbar.css HTTP/1.1" 404 1130
::1 - - [17/Oct/2022:21:22:59 +0700] "GET /assets/css/admin/responsive.dataTables.min.css HTTP/1.1" 404 1130
::1 - - [17/Oct/2022:21:23:01 +0700] "GET /dashboard/kelas/1 HTTP/1.1" 200 13175
::1 - - [17/Oct/2022:21:23:02 +0700] "GET /assets/css/admin/style.css?time=1666016582 HTTP/1.1" 200 131885
::1 - - [17/Oct/2022:21:23:02 +0700] "GET /assets/css/admin/dataTables.bootstrap4.css HTTP/1.1" 404 1130
::1 - - [17/Oct/2022:21:23:02 +0700] "GET /assets/css/admin/responsive.dataTables.min.css HTTP/1.1" 404 1130
::1 - - [17/Oct/2022:21:23:02 +0700] "GET /assets/css/admin/perfect-scrollbar.css HTTP/1.1" 404 1130
::1 - - [17/Oct/2022:21:23:02 +0700] "GET /assets/css/admin/perfect-scrollbar.css HTTP/1.1" 404 1130
::1 - - [17/Oct/2022:21:23:02 +0700] "GET /assets/css/admin/dataTables.bootstrap4.css HTTP/1.1" 404 1130
::1 - - [17/Oct/2022:21:23:02 +0700] "GET /assets/css/admin/responsive.dataTables.min.css HTTP/1.1" 404 1130
::1 - - [17/Oct/2022:21:23:09 +0700] "GET /dashboard/kelas/9 HTTP/1.1" 200 10438
::1 - - [17/Oct/2022:21:23:10 +0700] "GET /assets/css/admin/style.css?time=1666016589 HTTP/1.1" 200 131885
::1 - - [17/Oct/2022:21:23:10 +0700] "GET /assets/css/admin/perfect-scrollbar.css HTTP/1.1" 404 1130
::1 - - [17/Oct/2022:21:23:10 +0700] "GET /assets/css/admin/dataTables.bootstrap4.css HTTP/1.1" 404 1130
::1 - - [17/Oct/2022:21:23:10 +0700] "GET /assets/css/admin/responsive.dataTables.min.css HTTP/1.1" 404 1130
::1 - - [17/Oct/2022:21:23:10 +0700] "GET /assets/css/admin/perfect-scrollbar.css HTTP/1.1" 404 1130
::1 - - [17/Oct/2022:21:23:10 +0700] "GET /assets/css/admin/responsive.dataTables.min.css HTTP/1.1" 404 1130
::1 - - [17/Oct/2022:21:23:10 +0700] "GET /assets/css/admin/dataTables.bootstrap4.css HTTP/1.1" 404 1130
::1 - - [17/Oct/2022:21:25:14 +0700] "GET /dashboard/kelas/9 HTTP/1.1" 200 10546
::1 - - [17/Oct/2022:21:25:14 +0700] "GET /assets/css/admin/style.css?time=1666016714 HTTP/1.1" 200 131885
::1 - - [17/Oct/2022:21:25:14 +0700] "GET /assets/css/admin/perfect-scrollbar.css HTTP/1.1" 404 1130
::1 - - [17/Oct/2022:21:25:14 +0700] "GET /assets/css/admin/responsive.dataTables.min.css HTTP/1.1" 404 1130
::1 - - [17/Oct/2022:21:25:14 +0700] "GET /assets/css/admin/dataTables.bootstrap4.css HTTP/1.1" 404 1130
::1 - - [17/Oct/2022:21:25:15 +0700] "GET /assets/css/admin/perfect-scrollbar.css HTTP/1.1" 404 1130
::1 - - [17/Oct/2022:21:25:15 +0700] "GET /assets/css/admin/dataTables.bootstrap4.css HTTP/1.1" 404 1130
::1 - - [17/Oct/2022:21:25:15 +0700] "GET /assets/css/admin/responsive.dataTables.min.css HTTP/1.1" 404 1130
::1 - - [17/Oct/2022:21:25:15 +0700] "GET /assets/img/favicon.png HTTP/1.1" 200 1291
::1 - - [17/Oct/2022:21:25:42 +0700] "GET /dashboard/kelas/9 HTTP/1.1" 200 10546
::1 - - [17/Oct/2022:21:25:43 +0700] "GET /assets/css/admin/style.css?time=1666016743 HTTP/1.1" 200 131885
::1 - - [17/Oct/2022:21:25:43 +0700] "GET /assets/css/admin/perfect-scrollbar.css HTTP/1.1" 404 1130
::1 - - [17/Oct/2022:21:25:43 +0700] "GET /assets/css/admin/dataTables.bootstrap4.css HTTP/1.1" 404 1130
::1 - - [17/Oct/2022:21:25:43 +0700] "GET /assets/css/admin/responsive.dataTables.min.css HTTP/1.1" 404 1130
::1 - - [17/Oct/2022:21:25:43 +0700] "GET /assets/css/admin/perfect-scrollbar.css HTTP/1.1" 404 1130
::1 - - [17/Oct/2022:21:25:43 +0700] "GET /assets/css/admin/dataTables.bootstrap4.css HTTP/1.1" 404 1130
::1 - - [17/Oct/2022:21:25:43 +0700] "GET /assets/css/admin/responsive.dataTables.min.css HTTP/1.1" 404 1130
::1 - - [17/Oct/2022:21:25:43 +0700] "GET /assets/img/favicon.png HTTP/1.1" 200 1291
::1 - - [17/Oct/2022:21:26:18 +0700] "GET /dashboard/kelas/9 HTTP/1.1" 200 10574
::1 - - [17/Oct/2022:21:26:19 +0700] "GET /assets/css/admin/style.css?time=1666016778 HTTP/1.1" 200 131885
::1 - - [17/Oct/2022:21:26:19 +0700] "GET /assets/css/admin/perfect-scrollbar.css HTTP/1.1" 404 1130
::1 - - [17/Oct/2022:21:26:19 +0700] "GET /assets/css/admin/responsive.dataTables.min.css HTTP/1.1" 404 1130
::1 - - [17/Oct/2022:21:26:19 +0700] "GET /assets/css/admin/dataTables.bootstrap4.css HTTP/1.1" 404 1130
::1 - - [17/Oct/2022:21:26:19 +0700] "GET /assets/css/admin/dataTables.bootstrap4.css HTTP/1.1" 404 1130
::1 - - [17/Oct/2022:21:26:19 +0700] "GET /assets/css/admin/responsive.dataTables.min.css HTTP/1.1" 404 1130
::1 - - [17/Oct/2022:21:26:19 +0700] "GET /assets/css/admin/perfect-scrollbar.css HTTP/1.1" 404 1130
::1 - - [17/Oct/2022:21:26:19 +0700] "GET /assets/img/favicon.png HTTP/1.1" 200 1291
::1 - - [17/Oct/2022:21:27:11 +0700] "GET /dashboard/kelas/9 HTTP/1.1" 200 10571
::1 - - [17/Oct/2022:21:27:12 +0700] "GET /assets/css/admin/style.css?time=1666016831 HTTP/1.1" 200 131885
::1 - - [17/Oct/2022:21:27:12 +0700] "GET /assets/css/admin/dataTables.bootstrap4.css HTTP/1.1" 404 1130
::1 - - [17/Oct/2022:21:27:12 +0700] "GET /assets/css/admin/perfect-scrollbar.css HTTP/1.1" 404 1130
::1 - - [17/Oct/2022:21:27:12 +0700] "GET /assets/css/admin/responsive.dataTables.min.css HTTP/1.1" 404 1130
::1 - - [17/Oct/2022:21:27:12 +0700] "GET /assets/css/admin/dataTables.bootstrap4.css HTTP/1.1" 404 1130
::1 - - [17/Oct/2022:21:27:12 +0700] "GET /assets/css/admin/responsive.dataTables.min.css HTTP/1.1" 404 1130
::1 - - [17/Oct/2022:21:27:12 +0700] "GET /assets/css/admin/perfect-scrollbar.css HTTP/1.1" 404 1130
::1 - - [17/Oct/2022:21:27:13 +0700] "GET /assets/img/favicon.png HTTP/1.1" 200 1291
::1 - - [17/Oct/2022:21:27:14 +0700] "GET /dashboard/kelas/1 HTTP/1.1" 200 13175
::1 - - [17/Oct/2022:21:27:14 +0700] "GET /assets/css/admin/style.css?time=1666016834 HTTP/1.1" 200 131885
::1 - - [17/Oct/2022:21:27:20 +0700] "GET /dashboard/kelas/9 HTTP/1.1" 200 10571
::1 - - [17/Oct/2022:21:27:20 +0700] "GET /assets/css/admin/style.css?time=1666016840 HTTP/1.1" 200 131885
::1 - - [17/Oct/2022:21:29:02 +0700] "GET /dashboard/kelas/9 HTTP/1.1" 200 10633
::1 - - [17/Oct/2022:21:29:02 +0700] "GET /assets/css/admin/style.css?time=1666016942 HTTP/1.1" 200 131885
::1 - - [17/Oct/2022:21:29:02 +0700] "GET /assets/css/admin/perfect-scrollbar.css HTTP/1.1" 404 1130
::1 - - [17/Oct/2022:21:29:02 +0700] "GET /assets/css/admin/responsive.dataTables.min.css HTTP/1.1" 404 1130
::1 - - [17/Oct/2022:21:29:02 +0700] "GET /assets/css/admin/dataTables.bootstrap4.css HTTP/1.1" 404 1130
::1 - - [17/Oct/2022:21:29:03 +0700] "GET /assets/css/admin/responsive.dataTables.min.css HTTP/1.1" 404 1130
::1 - - [17/Oct/2022:21:29:03 +0700] "GET /assets/css/admin/perfect-scrollbar.css HTTP/1.1" 404 1130
::1 - - [17/Oct/2022:21:29:03 +0700] "GET /assets/css/admin/dataTables.bootstrap4.css HTTP/1.1" 404 1130
::1 - - [17/Oct/2022:21:29:03 +0700] "GET /assets/img/favicon.png HTTP/1.1" 200 1291
::1 - - [17/Oct/2022:21:29:14 +0700] "GET /dashboard/kelas/9 HTTP/1.1" 200 10628
::1 - - [17/Oct/2022:21:29:14 +0700] "GET /assets/css/admin/style.css?time=1666016954 HTTP/1.1" 200 131885
::1 - - [17/Oct/2022:21:29:14 +0700] "GET /assets/css/admin/perfect-scrollbar.css HTTP/1.1" 404 1130
::1 - - [17/Oct/2022:21:29:14 +0700] "GET /assets/css/admin/dataTables.bootstrap4.css HTTP/1.1" 404 1130
::1 - - [17/Oct/2022:21:29:14 +0700] "GET /assets/css/admin/responsive.dataTables.min.css HTTP/1.1" 404 1130
::1 - - [17/Oct/2022:21:29:14 +0700] "GET /assets/css/admin/responsive.dataTables.min.css HTTP/1.1" 404 1130
::1 - - [17/Oct/2022:21:29:14 +0700] "GET /assets/css/admin/dataTables.bootstrap4.css HTTP/1.1" 404 1130
::1 - - [17/Oct/2022:21:29:14 +0700] "GET /assets/css/admin/perfect-scrollbar.css HTTP/1.1" 404 1130
::1 - - [17/Oct/2022:21:29:14 +0700] "GET /assets/img/favicon.png HTTP/1.1" 200 1291
::1 - - [17/Oct/2022:21:29:44 +0700] "GET /dashboard/kelas/9 HTTP/1.1" 200 10648
::1 - - [17/Oct/2022:21:29:44 +0700] "GET /assets/css/admin/style.css?time=1666016984 HTTP/1.1" 200 131885
::1 - - [17/Oct/2022:21:29:44 +0700] "GET /assets/css/admin/perfect-scrollbar.css HTTP/1.1" 404 1130
::1 - - [17/Oct/2022:21:29:44 +0700] "GET /assets/css/admin/dataTables.bootstrap4.css HTTP/1.1" 404 1130
::1 - - [17/Oct/2022:21:29:44 +0700] "GET /assets/css/admin/responsive.dataTables.min.css HTTP/1.1" 404 1130
::1 - - [17/Oct/2022:21:29:45 +0700] "GET /assets/css/admin/perfect-scrollbar.css HTTP/1.1" 404 1130
::1 - - [17/Oct/2022:21:29:45 +0700] "GET /assets/css/admin/dataTables.bootstrap4.css HTTP/1.1" 404 1130
::1 - - [17/Oct/2022:21:29:45 +0700] "GET /assets/css/admin/responsive.dataTables.min.css HTTP/1.1" 404 1130
::1 - - [17/Oct/2022:21:29:45 +0700] "GET /assets/img/favicon.png HTTP/1.1" 200 1291
::1 - - [17/Oct/2022:21:30:27 +0700] "GET /dashboard/kelas/9 HTTP/1.1" 200 10661
::1 - - [17/Oct/2022:21:30:27 +0700] "GET /assets/css/admin/style.css?time=1666017027 HTTP/1.1" 200 131885
::1 - - [17/Oct/2022:21:30:27 +0700] "GET /assets/css/admin/perfect-scrollbar.css HTTP/1.1" 404 1130
::1 - - [17/Oct/2022:21:30:27 +0700] "GET /assets/css/admin/dataTables.bootstrap4.css HTTP/1.1" 404 1130
::1 - - [17/Oct/2022:21:30:27 +0700] "GET /assets/css/admin/responsive.dataTables.min.css HTTP/1.1" 404 1130
::1 - - [17/Oct/2022:21:30:28 +0700] "GET /assets/css/admin/perfect-scrollbar.css HTTP/1.1" 404 1130
::1 - - [17/Oct/2022:21:30:28 +0700] "GET /assets/css/admin/responsive.dataTables.min.css HTTP/1.1" 404 1130
::1 - - [17/Oct/2022:21:30:28 +0700] "GET /assets/css/admin/dataTables.bootstrap4.css HTTP/1.1" 404 1130
::1 - - [17/Oct/2022:21:30:28 +0700] "GET /assets/img/favicon.png HTTP/1.1" 200 1291
::1 - - [17/Oct/2022:21:30:50 +0700] "GET /dashboard/kelas/9 HTTP/1.1" 200 10661
::1 - - [17/Oct/2022:21:30:50 +0700] "GET /assets/css/admin/style.css?time=1666017050 HTTP/1.1" 200 131885
::1 - - [17/Oct/2022:21:30:50 +0700] "GET /assets/css/admin/perfect-scrollbar.css HTTP/1.1" 404 1130
::1 - - [17/Oct/2022:21:30:50 +0700] "GET /assets/css/admin/dataTables.bootstrap4.css HTTP/1.1" 404 1130
::1 - - [17/Oct/2022:21:30:50 +0700] "GET /assets/css/admin/responsive.dataTables.min.css HTTP/1.1" 404 1130
::1 - - [17/Oct/2022:21:30:51 +0700] "GET /assets/css/admin/perfect-scrollbar.css HTTP/1.1" 404 1130
::1 - - [17/Oct/2022:21:30:51 +0700] "GET /assets/css/admin/dataTables.bootstrap4.css HTTP/1.1" 404 1130
::1 - - [17/Oct/2022:21:30:51 +0700] "GET /assets/css/admin/responsive.dataTables.min.css HTTP/1.1" 404 1130
::1 - - [17/Oct/2022:21:30:51 +0700] "GET /assets/img/favicon.png HTTP/1.1" 200 1291
::1 - - [17/Oct/2022:21:31:05 +0700] "GET /dashboard/kelas/1 HTTP/1.1" 200 13175
::1 - - [17/Oct/2022:21:31:05 +0700] "GET /assets/css/admin/style.css?time=1666017065 HTTP/1.1" 200 131885
::1 - - [17/Oct/2022:21:31:56 +0700] "GET /dashboard/siswa HTTP/1.1" 200 12654
::1 - - [17/Oct/2022:21:31:56 +0700] "GET /assets/css/admin/style.css?time=1666017116 HTTP/1.1" 200 131885
::1 - - [17/Oct/2022:21:31:56 +0700] "GET /assets/css/admin/perfect-scrollbar.css HTTP/1.1" 404 1130
::1 - - [17/Oct/2022:21:31:56 +0700] "GET /assets/css/admin/dataTables.bootstrap4.css HTTP/1.1" 404 1130
::1 - - [17/Oct/2022:21:31:56 +0700] "GET /assets/css/admin/responsive.dataTables.min.css HTTP/1.1" 404 1130
::1 - - [17/Oct/2022:21:31:57 +0700] "GET /assets/css/admin/perfect-scrollbar.css HTTP/1.1" 404 1130
::1 - - [17/Oct/2022:21:32:08 +0700] "GET /dashboard/kelas HTTP/1.1" 200 13607
::1 - - [17/Oct/2022:21:32:08 +0700] "GET /assets/css/admin/style.css?time=1666017128 HTTP/1.1" 200 131885
::1 - - [17/Oct/2022:21:32:08 +0700] "GET /assets/css/admin/perfect-scrollbar.css HTTP/1.1" 404 1130
::1 - - [17/Oct/2022:21:32:08 +0700] "GET /assets/css/admin/dataTables.bootstrap4.css HTTP/1.1" 404 1130
::1 - - [17/Oct/2022:21:32:08 +0700] "GET /assets/css/admin/responsive.dataTables.min.css HTTP/1.1" 404 1130
::1 - - [17/Oct/2022:21:32:08 +0700] "GET /assets/css/admin/responsive.dataTables.min.css HTTP/1.1" 404 1130
::1 - - [17/Oct/2022:21:32:08 +0700] "GET /assets/css/admin/perfect-scrollbar.css HTTP/1.1" 404 1130
::1 - - [17/Oct/2022:21:32:08 +0700] "GET /assets/css/admin/dataTables.bootstrap4.css HTTP/1.1" 404 1130
::1 - - [17/Oct/2022:21:40:55 +0700] "GET /dashboard/kelas HTTP/1.1" 200 14758
::1 - - [17/Oct/2022:21:40:55 +0700] "GET /assets/css/admin/style.css?time=1666017655 HTTP/1.1" 200 131885
::1 - - [17/Oct/2022:21:40:55 +0700] "GET /assets/css/admin/dataTables.bootstrap4.css HTTP/1.1" 404 1130
::1 - - [17/Oct/2022:21:40:55 +0700] "GET /assets/css/admin/perfect-scrollbar.css HTTP/1.1" 404 1130
::1 - - [17/Oct/2022:21:40:55 +0700] "GET /assets/css/admin/responsive.dataTables.min.css HTTP/1.1" 404 1130
::1 - - [17/Oct/2022:21:40:56 +0700] "GET /assets/css/admin/dataTables.bootstrap4.css HTTP/1.1" 404 1130
::1 - - [17/Oct/2022:21:40:56 +0700] "GET /assets/css/admin/perfect-scrollbar.css HTTP/1.1" 404 1130
::1 - - [17/Oct/2022:21:40:56 +0700] "GET /assets/css/admin/responsive.dataTables.min.css HTTP/1.1" 404 1130
::1 - - [17/Oct/2022:21:40:56 +0700] "GET /assets/img/favicon.png HTTP/1.1" 200 1291
::1 - - [17/Oct/2022:21:40:57 +0700] "GET /dashboard/kelas/2 HTTP/1.1" 200 13146
::1 - - [17/Oct/2022:21:40:58 +0700] "GET /assets/css/admin/style.css?time=1666017657 HTTP/1.1" 200 131885
::1 - - [17/Oct/2022:21:40:58 +0700] "GET /assets/css/admin/perfect-scrollbar.css HTTP/1.1" 404 1130
::1 - - [17/Oct/2022:21:40:58 +0700] "GET /assets/css/admin/responsive.dataTables.min.css HTTP/1.1" 404 1130
::1 - - [17/Oct/2022:21:40:58 +0700] "GET /assets/css/admin/dataTables.bootstrap4.css HTTP/1.1" 404 1130
::1 - - [17/Oct/2022:21:40:58 +0700] "GET /assets/css/admin/perfect-scrollbar.css HTTP/1.1" 404 1130
::1 - - [17/Oct/2022:21:40:58 +0700] "GET /assets/css/admin/dataTables.bootstrap4.css HTTP/1.1" 404 1130
::1 - - [17/Oct/2022:21:40:58 +0700] "GET /assets/css/admin/responsive.dataTables.min.css HTTP/1.1" 404 1130
::1 - - [17/Oct/2022:21:41:00 +0700] "GET /dashboard/kelas HTTP/1.1" 200 14758
::1 - - [17/Oct/2022:21:41:01 +0700] "GET /assets/css/admin/style.css?time=1666017661 HTTP/1.1" 200 131885
::1 - - [17/Oct/2022:21:44:44 +0700] "GET /dashboard/kelas HTTP/1.1" 200 14814
::1 - - [17/Oct/2022:21:44:45 +0700] "GET /assets/css/admin/style.css?time=1666017885 HTTP/1.1" 200 131885
::1 - - [17/Oct/2022:21:44:45 +0700] "GET /assets/css/admin/perfect-scrollbar.css HTTP/1.1" 404 1130
::1 - - [17/Oct/2022:21:44:45 +0700] "GET /assets/css/admin/dataTables.bootstrap4.css HTTP/1.1" 404 1130
::1 - - [17/Oct/2022:21:44:45 +0700] "GET /assets/css/admin/responsive.dataTables.min.css HTTP/1.1" 404 1130
::1 - - [17/Oct/2022:21:44:45 +0700] "GET /assets/js/admin/popper.min.js HTTP/1.1" 200 20336
::1 - - [17/Oct/2022:21:44:46 +0700] "GET /assets/css/admin/dataTables.bootstrap4.css HTTP/1.1" 404 1130
::1 - - [17/Oct/2022:21:44:46 +0700] "GET /assets/css/admin/responsive.dataTables.min.css HTTP/1.1" 404 1130
::1 - - [17/Oct/2022:21:44:46 +0700] "GET /assets/css/admin/perfect-scrollbar.css HTTP/1.1" 404 1130
::1 - - [17/Oct/2022:21:44:46 +0700] "GET /assets/img/favicon.png HTTP/1.1" 200 1291
::1 - - [17/Oct/2022:21:44:55 +0700] "GET /dashboard/kelas HTTP/1.1" 200 14814
::1 - - [17/Oct/2022:21:47:13 +0700] "GET /dashboard/kelas HTTP/1.1" 200 14826
::1 - - [17/Oct/2022:21:47:13 +0700] "GET /assets/css/admin/style.css?time=1666018033 HTTP/1.1" 200 131885
::1 - - [17/Oct/2022:21:47:13 +0700] "GET /assets/css/admin/perfect-scrollbar.css HTTP/1.1" 404 1130
::1 - - [17/Oct/2022:21:47:13 +0700] "GET /assets/css/admin/dataTables.bootstrap4.css HTTP/1.1" 404 1130
::1 - - [17/Oct/2022:21:47:13 +0700] "GET /assets/css/admin/responsive.dataTables.min.css HTTP/1.1" 404 1130
::1 - - [17/Oct/2022:21:47:14 +0700] "GET /assets/css/admin/perfect-scrollbar.css HTTP/1.1" 404 1130
::1 - - [17/Oct/2022:21:47:14 +0700] "GET /assets/css/admin/dataTables.bootstrap4.css HTTP/1.1" 404 1130
::1 - - [17/Oct/2022:21:47:14 +0700] "GET /assets/css/admin/responsive.dataTables.min.css HTTP/1.1" 404 1130
::1 - - [17/Oct/2022:21:47:14 +0700] "GET /assets/img/favicon.png HTTP/1.1" 200 1291
::1 - - [17/Oct/2022:21:47:33 +0700] "GET /dashboard/kelas HTTP/1.1" 200 14826
::1 - - [17/Oct/2022:21:47:33 +0700] "GET /assets/css/admin/style.css?time=1666018053 HTTP/1.1" 200 131885
::1 - - [17/Oct/2022:21:47:33 +0700] "GET /assets/css/admin/perfect-scrollbar.css HTTP/1.1" 404 1130
::1 - - [17/Oct/2022:21:47:33 +0700] "GET /assets/css/admin/dataTables.bootstrap4.css HTTP/1.1" 404 1130
::1 - - [17/Oct/2022:21:47:33 +0700] "GET /assets/css/admin/responsive.dataTables.min.css HTTP/1.1" 404 1130
::1 - - [17/Oct/2022:21:47:34 +0700] "GET /assets/css/admin/responsive.dataTables.min.css HTTP/1.1" 404 1130
::1 - - [17/Oct/2022:21:47:34 +0700] "GET /assets/css/admin/perfect-scrollbar.css HTTP/1.1" 404 1130
::1 - - [17/Oct/2022:21:47:34 +0700] "GET /assets/css/admin/dataTables.bootstrap4.css HTTP/1.1" 404 1130
::1 - - [17/Oct/2022:21:47:34 +0700] "GET /assets/img/favicon.png HTTP/1.1" 200 1291
::1 - - [17/Oct/2022:21:48:08 +0700] "GET /dashboard/kelas HTTP/1.1" 200 14814
::1 - - [17/Oct/2022:21:48:08 +0700] "GET /assets/css/admin/style.css?time=1666018088 HTTP/1.1" 200 131885
::1 - - [17/Oct/2022:21:48:08 +0700] "GET /assets/css/admin/perfect-scrollbar.css HTTP/1.1" 404 1130
::1 - - [17/Oct/2022:21:48:08 +0700] "GET /assets/css/admin/dataTables.bootstrap4.css HTTP/1.1" 404 1130
::1 - - [17/Oct/2022:21:48:08 +0700] "GET /assets/css/admin/responsive.dataTables.min.css HTTP/1.1" 404 1130
::1 - - [17/Oct/2022:21:48:09 +0700] "GET /assets/css/admin/perfect-scrollbar.css HTTP/1.1" 404 1130
::1 - - [17/Oct/2022:21:48:09 +0700] "GET /assets/css/admin/dataTables.bootstrap4.css HTTP/1.1" 404 1130
::1 - - [17/Oct/2022:21:48:09 +0700] "GET /assets/css/admin/responsive.dataTables.min.css HTTP/1.1" 404 1130
::1 - - [17/Oct/2022:21:48:09 +0700] "GET /assets/img/favicon.png HTTP/1.1" 200 1291
::1 - - [17/Oct/2022:21:48:50 +0700] "GET /dashboard/kelas HTTP/1.1" 200 14856
::1 - - [17/Oct/2022:21:48:50 +0700] "GET /assets/css/admin/style.css?time=1666018130 HTTP/1.1" 200 131885
::1 - - [17/Oct/2022:21:48:50 +0700] "GET /assets/css/admin/dataTables.bootstrap4.css HTTP/1.1" 404 1130
::1 - - [17/Oct/2022:21:48:50 +0700] "GET /assets/css/admin/responsive.dataTables.min.css HTTP/1.1" 404 1130
::1 - - [17/Oct/2022:21:48:50 +0700] "GET /assets/css/admin/perfect-scrollbar.css HTTP/1.1" 404 1130
::1 - - [17/Oct/2022:21:48:51 +0700] "GET /assets/css/admin/responsive.dataTables.min.css HTTP/1.1" 404 1130
::1 - - [17/Oct/2022:21:48:51 +0700] "GET /assets/css/admin/perfect-scrollbar.css HTTP/1.1" 404 1130
::1 - - [17/Oct/2022:21:48:51 +0700] "GET /assets/css/admin/dataTables.bootstrap4.css HTTP/1.1" 404 1130
::1 - - [17/Oct/2022:21:48:51 +0700] "GET /assets/img/favicon.png HTTP/1.1" 200 1291
::1 - - [17/Oct/2022:21:50:23 +0700] "GET /dashboard/kelas HTTP/1.1" 200 13320
::1 - - [17/Oct/2022:21:50:24 +0700] "GET /assets/css/admin/style.css?time=1666018223 HTTP/1.1" 200 131885
::1 - - [17/Oct/2022:21:50:24 +0700] "GET /assets/css/admin/perfect-scrollbar.css HTTP/1.1" 404 1130
::1 - - [17/Oct/2022:21:50:24 +0700] "GET /assets/css/admin/responsive.dataTables.min.css HTTP/1.1" 404 1130
::1 - - [17/Oct/2022:21:50:24 +0700] "GET /assets/css/admin/dataTables.bootstrap4.css HTTP/1.1" 404 1130
::1 - - [17/Oct/2022:21:50:25 +0700] "GET /assets/img/favicon.png HTTP/1.1" 200 1291
::1 - - [17/Oct/2022:21:50:30 +0700] "GET /dashboard/kelas/1 HTTP/1.1" 200 13231
::1 - - [17/Oct/2022:21:50:30 +0700] "GET /assets/css/admin/style.css?time=1666018230 HTTP/1.1" 200 131885
::1 - - [17/Oct/2022:21:50:30 +0700] "GET /assets/css/admin/perfect-scrollbar.css HTTP/1.1" 404 1130
::1 - - [17/Oct/2022:21:50:30 +0700] "GET /assets/css/admin/responsive.dataTables.min.css HTTP/1.1" 404 1130
::1 - - [17/Oct/2022:21:50:30 +0700] "GET /assets/css/admin/dataTables.bootstrap4.css HTTP/1.1" 404 1130
::1 - - [17/Oct/2022:21:50:31 +0700] "GET /assets/css/admin/perfect-scrollbar.css HTTP/1.1" 404 1130
::1 - - [17/Oct/2022:21:50:31 +0700] "GET /assets/css/admin/dataTables.bootstrap4.css HTTP/1.1" 404 1130
::1 - - [17/Oct/2022:21:50:31 +0700] "GET /assets/css/admin/responsive.dataTables.min.css HTTP/1.1" 404 1130
::1 - - [17/Oct/2022:21:52:40 +0700] "GET /dashboard/kelas/1 HTTP/1.1" 200 13307
::1 - - [17/Oct/2022:21:52:41 +0700] "GET /assets/css/admin/style.css?time=1666018361 HTTP/1.1" 200 131885
::1 - - [17/Oct/2022:21:52:41 +0700] "GET /assets/css/admin/perfect-scrollbar.css HTTP/1.1" 404 1130
::1 - - [17/Oct/2022:21:52:41 +0700] "GET /assets/css/admin/dataTables.bootstrap4.css HTTP/1.1" 404 1130
::1 - - [17/Oct/2022:21:52:41 +0700] "GET /assets/css/admin/responsive.dataTables.min.css HTTP/1.1" 404 1130
::1 - - [17/Oct/2022:21:52:41 +0700] "GET /assets/css/admin/responsive.dataTables.min.css HTTP/1.1" 404 1130
::1 - - [17/Oct/2022:21:52:41 +0700] "GET /assets/css/admin/perfect-scrollbar.css HTTP/1.1" 404 1130
::1 - - [17/Oct/2022:21:52:41 +0700] "GET /assets/css/admin/dataTables.bootstrap4.css HTTP/1.1" 404 1130
::1 - - [17/Oct/2022:21:52:42 +0700] "GET /assets/img/favicon.png HTTP/1.1" 200 1291
::1 - - [17/Oct/2022:21:53:16 +0700] "GET /dashboard/kelas/1 HTTP/1.1" 200 13314
::1 - - [17/Oct/2022:21:53:16 +0700] "GET /assets/css/admin/style.css?time=1666018396 HTTP/1.1" 200 131885
::1 - - [17/Oct/2022:21:53:16 +0700] "GET /assets/css/admin/dataTables.bootstrap4.css HTTP/1.1" 404 1130
::1 - - [17/Oct/2022:21:53:16 +0700] "GET /assets/css/admin/perfect-scrollbar.css HTTP/1.1" 404 1130
::1 - - [17/Oct/2022:21:53:16 +0700] "GET /assets/css/admin/responsive.dataTables.min.css HTTP/1.1" 404 1130
::1 - - [17/Oct/2022:21:53:17 +0700] "GET /assets/css/admin/perfect-scrollbar.css HTTP/1.1" 404 1130
::1 - - [17/Oct/2022:21:53:17 +0700] "GET /assets/css/admin/dataTables.bootstrap4.css HTTP/1.1" 404 1130
::1 - - [17/Oct/2022:21:53:17 +0700] "GET /assets/css/admin/responsive.dataTables.min.css HTTP/1.1" 404 1130
::1 - - [17/Oct/2022:21:53:17 +0700] "GET /assets/img/favicon.png HTTP/1.1" 200 1291
::1 - - [17/Oct/2022:21:55:03 +0700] "GET /dashboard/kelas/1 HTTP/1.1" 200 13331
::1 - - [17/Oct/2022:21:55:04 +0700] "GET /assets/css/admin/style.css?time=1666018503 HTTP/1.1" 200 131885
::1 - - [17/Oct/2022:21:55:04 +0700] "GET /assets/css/admin/perfect-scrollbar.css HTTP/1.1" 404 1130
::1 - - [17/Oct/2022:21:55:04 +0700] "GET /assets/css/admin/dataTables.bootstrap4.css HTTP/1.1" 404 1130
::1 - - [17/Oct/2022:21:55:04 +0700] "GET /assets/css/admin/responsive.dataTables.min.css HTTP/1.1" 404 1130
::1 - - [17/Oct/2022:21:55:04 +0700] "GET /assets/css/admin/perfect-scrollbar.css HTTP/1.1" 404 1130
::1 - - [17/Oct/2022:21:55:04 +0700] "GET /assets/css/admin/responsive.dataTables.min.css HTTP/1.1" 404 1130
::1 - - [17/Oct/2022:21:55:04 +0700] "GET /assets/css/admin/dataTables.bootstrap4.css HTTP/1.1" 404 1130
::1 - - [17/Oct/2022:21:55:04 +0700] "GET /assets/img/favicon.png HTTP/1.1" 200 1291
::1 - - [17/Oct/2022:21:55:19 +0700] "GET /dashboard/kelas/1 HTTP/1.1" 200 13331
::1 - - [17/Oct/2022:21:55:19 +0700] "GET /assets/css/admin/style.css?time=1666018519 HTTP/1.1" 200 131885
::1 - - [17/Oct/2022:21:55:19 +0700] "GET /assets/css/admin/perfect-scrollbar.css HTTP/1.1" 404 1130
::1 - - [17/Oct/2022:21:55:19 +0700] "GET /assets/css/admin/responsive.dataTables.min.css HTTP/1.1" 404 1130
::1 - - [17/Oct/2022:21:55:19 +0700] "GET /assets/css/admin/dataTables.bootstrap4.css HTTP/1.1" 404 1130
::1 - - [17/Oct/2022:21:55:19 +0700] "GET /assets/css/admin/perfect-scrollbar.css HTTP/1.1" 404 1130
::1 - - [17/Oct/2022:21:55:19 +0700] "GET /assets/css/admin/responsive.dataTables.min.css HTTP/1.1" 404 1130
::1 - - [17/Oct/2022:21:55:19 +0700] "GET /assets/css/admin/dataTables.bootstrap4.css HTTP/1.1" 404 1130
::1 - - [17/Oct/2022:21:55:20 +0700] "GET /assets/img/favicon.png HTTP/1.1" 200 1291
::1 - - [17/Oct/2022:21:55:33 +0700] "GET /dashboard/materi HTTP/1.1" 200 17558
::1 - - [17/Oct/2022:21:55:33 +0700] "GET /assets/css/admin/style.css?time=1666018533 HTTP/1.1" 200 131885
::1 - - [17/Oct/2022:21:55:33 +0700] "GET /assets/css/admin/perfect-scrollbar.css HTTP/1.1" 404 1130
::1 - - [17/Oct/2022:21:55:33 +0700] "GET /assets/css/admin/dataTables.bootstrap4.css HTTP/1.1" 404 1130
::1 - - [17/Oct/2022:21:55:33 +0700] "GET /assets/css/admin/responsive.dataTables.min.css HTTP/1.1" 404 1130
::1 - - [17/Oct/2022:21:55:34 +0700] "GET /assets/css/admin/dataTables.bootstrap4.css HTTP/1.1" 404 1130
::1 - - [17/Oct/2022:21:55:34 +0700] "GET /assets/css/admin/perfect-scrollbar.css HTTP/1.1" 404 1130
::1 - - [17/Oct/2022:21:55:34 +0700] "GET /assets/css/admin/responsive.dataTables.min.css HTTP/1.1" 404 1130
::1 - - [17/Oct/2022:21:55:44 +0700] "GET /dashboard/kelas HTTP/1.1" 200 13320
::1 - - [17/Oct/2022:21:55:44 +0700] "GET /assets/css/admin/style.css?time=1666018544 HTTP/1.1" 200 131885
::1 - - [17/Oct/2022:21:55:44 +0700] "GET /assets/css/admin/perfect-scrollbar.css HTTP/1.1" 404 1130
::1 - - [17/Oct/2022:21:55:44 +0700] "GET /assets/css/admin/responsive.dataTables.min.css HTTP/1.1" 404 1130
::1 - - [17/Oct/2022:21:55:44 +0700] "GET /assets/css/admin/dataTables.bootstrap4.css HTTP/1.1" 404 1130
::1 - - [17/Oct/2022:21:55:44 +0700] "GET /assets/css/admin/perfect-scrollbar.css HTTP/1.1" 404 1130
::1 - - [17/Oct/2022:21:55:44 +0700] "GET /assets/css/admin/dataTables.bootstrap4.css HTTP/1.1" 404 1130
::1 - - [17/Oct/2022:21:55:44 +0700] "GET /assets/css/admin/responsive.dataTables.min.css HTTP/1.1" 404 1130
::1 - - [17/Oct/2022:21:56:37 +0700] "GET /dashboard/kelas HTTP/1.1" 200 13320
::1 - - [17/Oct/2022:21:56:37 +0700] "GET /assets/css/admin/style.css?time=1666018597 HTTP/1.1" 200 131885
::1 - - [17/Oct/2022:21:56:37 +0700] "GET /assets/css/admin/perfect-scrollbar.css HTTP/1.1" 404 1130
::1 - - [17/Oct/2022:21:56:37 +0700] "GET /assets/css/admin/responsive.dataTables.min.css HTTP/1.1" 404 1130
::1 - - [17/Oct/2022:21:56:37 +0700] "GET /assets/css/admin/dataTables.bootstrap4.css HTTP/1.1" 404 1130
::1 - - [17/Oct/2022:21:56:38 +0700] "GET /assets/css/admin/perfect-scrollbar.css HTTP/1.1" 404 1130
::1 - - [17/Oct/2022:21:56:38 +0700] "GET /assets/css/admin/responsive.dataTables.min.css HTTP/1.1" 404 1130
::1 - - [17/Oct/2022:21:56:38 +0700] "GET /assets/css/admin/dataTables.bootstrap4.css HTTP/1.1" 404 1130
::1 - - [17/Oct/2022:21:56:38 +0700] "GET /assets/img/favicon.png HTTP/1.1" 200 1291
::1 - - [17/Oct/2022:21:56:39 +0700] "GET /dashboard/kelas/1 HTTP/1.1" 200 13392
::1 - - [17/Oct/2022:21:56:39 +0700] "GET /assets/css/admin/style.css?time=1666018599 HTTP/1.1" 200 131885
::1 - - [17/Oct/2022:21:56:39 +0700] "GET /assets/css/admin/perfect-scrollbar.css HTTP/1.1" 404 1130
::1 - - [17/Oct/2022:21:56:39 +0700] "GET /assets/css/admin/dataTables.bootstrap4.css HTTP/1.1" 404 1130
::1 - - [17/Oct/2022:21:56:39 +0700] "GET /assets/css/admin/responsive.dataTables.min.css HTTP/1.1" 404 1130
::1 - - [17/Oct/2022:21:56:49 +0700] "GET /dashboard/kelas/1 HTTP/1.1" 200 13392
::1 - - [17/Oct/2022:21:56:49 +0700] "GET /assets/css/admin/style.css?time=1666018609 HTTP/1.1" 200 131885
::1 - - [17/Oct/2022:21:56:49 +0700] "GET /assets/css/admin/perfect-scrollbar.css HTTP/1.1" 404 1130
::1 - - [17/Oct/2022:21:56:49 +0700] "GET /assets/css/admin/responsive.dataTables.min.css HTTP/1.1" 404 1130
::1 - - [17/Oct/2022:21:56:49 +0700] "GET /assets/css/admin/dataTables.bootstrap4.css HTTP/1.1" 404 1130
::1 - - [17/Oct/2022:21:56:50 +0700] "GET /assets/css/admin/perfect-scrollbar.css HTTP/1.1" 404 1130
::1 - - [17/Oct/2022:21:56:50 +0700] "GET /assets/css/admin/dataTables.bootstrap4.css HTTP/1.1" 404 1130
::1 - - [17/Oct/2022:21:56:50 +0700] "GET /assets/css/admin/responsive.dataTables.min.css HTTP/1.1" 404 1130
::1 - - [17/Oct/2022:21:56:50 +0700] "GET /assets/img/favicon.png HTTP/1.1" 200 1291
::1 - - [17/Oct/2022:21:57:54 +0700] "GET /dashboard/kelas/1 HTTP/1.1" 200 13392
::1 - - [17/Oct/2022:21:59:52 +0700] "GET /dashboard/kelas/1 HTTP/1.1" 200 13474
::1 - - [17/Oct/2022:21:59:53 +0700] "GET /assets/css/admin/style.css?time=1666018792 HTTP/1.1" 200 131885
::1 - - [17/Oct/2022:21:59:53 +0700] "GET /assets/css/admin/dataTables.bootstrap4.css HTTP/1.1" 404 1130
::1 - - [17/Oct/2022:21:59:53 +0700] "GET /assets/css/admin/perfect-scrollbar.css HTTP/1.1" 404 1130
::1 - - [17/Oct/2022:21:59:53 +0700] "GET /assets/css/admin/responsive.dataTables.min.css HTTP/1.1" 404 1130
::1 - - [17/Oct/2022:21:59:53 +0700] "GET /assets/css/admin/dataTables.bootstrap4.css HTTP/1.1" 404 1130
::1 - - [17/Oct/2022:21:59:53 +0700] "GET /assets/css/admin/responsive.dataTables.min.css HTTP/1.1" 404 1130
::1 - - [17/Oct/2022:21:59:53 +0700] "GET /assets/css/admin/perfect-scrollbar.css HTTP/1.1" 404 1130
::1 - - [17/Oct/2022:21:59:54 +0700] "GET /assets/img/favicon.png HTTP/1.1" 200 1291
::1 - - [17/Oct/2022:22:00:15 +0700] "GET /dashboard/kelas/1 HTTP/1.1" 200 13474
::1 - - [17/Oct/2022:22:00:16 +0700] "GET /assets/css/admin/style.css?time=1666018816 HTTP/1.1" 200 131885
::1 - - [17/Oct/2022:22:00:16 +0700] "GET /assets/css/admin/perfect-scrollbar.css HTTP/1.1" 404 1130
::1 - - [17/Oct/2022:22:00:16 +0700] "GET /assets/css/admin/dataTables.bootstrap4.css HTTP/1.1" 404 1130
::1 - - [17/Oct/2022:22:00:16 +0700] "GET /assets/css/admin/responsive.dataTables.min.css HTTP/1.1" 404 1130
::1 - - [17/Oct/2022:22:00:16 +0700] "GET /assets/css/admin/perfect-scrollbar.css HTTP/1.1" 404 1130
::1 - - [17/Oct/2022:22:00:16 +0700] "GET /assets/css/admin/dataTables.bootstrap4.css HTTP/1.1" 404 1130
::1 - - [17/Oct/2022:22:00:16 +0700] "GET /assets/css/admin/responsive.dataTables.min.css HTTP/1.1" 404 1130
::1 - - [17/Oct/2022:22:00:17 +0700] "GET /assets/img/favicon.png HTTP/1.1" 200 1291
::1 - - [17/Oct/2022:22:03:11 +0700] "GET /dashboard/kelas/1 HTTP/1.1" 200 13787
::1 - - [17/Oct/2022:22:03:11 +0700] "GET /assets/css/admin/style.css?time=1666018991 HTTP/1.1" 200 131885
::1 - - [17/Oct/2022:22:03:11 +0700] "GET /assets/css/admin/perfect-scrollbar.css HTTP/1.1" 404 1130
::1 - - [17/Oct/2022:22:03:11 +0700] "GET /assets/css/admin/dataTables.bootstrap4.css HTTP/1.1" 404 1130
::1 - - [17/Oct/2022:22:03:11 +0700] "GET /assets/css/admin/responsive.dataTables.min.css HTTP/1.1" 404 1130
::1 - - [17/Oct/2022:22:03:12 +0700] "GET /assets/css/admin/dataTables.bootstrap4.css HTTP/1.1" 404 1130
::1 - - [17/Oct/2022:22:03:12 +0700] "GET /assets/css/admin/perfect-scrollbar.css HTTP/1.1" 404 1130
::1 - - [17/Oct/2022:22:03:12 +0700] "GET /assets/css/admin/responsive.dataTables.min.css HTTP/1.1" 404 1130
::1 - - [17/Oct/2022:22:03:12 +0700] "GET /assets/img/favicon.png HTTP/1.1" 200 1291
::1 - - [17/Oct/2022:22:03:26 +0700] "GET /dashboard/kelas/1 HTTP/1.1" 200 13787
::1 - - [17/Oct/2022:22:03:26 +0700] "GET /assets/css/admin/style.css?time=1666019006 HTTP/1.1" 200 131885
::1 - - [17/Oct/2022:22:03:26 +0700] "GET /assets/css/admin/perfect-scrollbar.css HTTP/1.1" 404 1130
::1 - - [17/Oct/2022:22:03:26 +0700] "GET /assets/css/admin/dataTables.bootstrap4.css HTTP/1.1" 404 1130
::1 - - [17/Oct/2022:22:03:26 +0700] "GET /assets/css/admin/responsive.dataTables.min.css HTTP/1.1" 404 1130
::1 - - [17/Oct/2022:22:03:26 +0700] "GET /assets/css/admin/responsive.dataTables.min.css HTTP/1.1" 404 1130
::1 - - [17/Oct/2022:22:03:26 +0700] "GET /assets/css/admin/dataTables.bootstrap4.css HTTP/1.1" 404 1130
::1 - - [17/Oct/2022:22:03:26 +0700] "GET /assets/css/admin/perfect-scrollbar.css HTTP/1.1" 404 1130
::1 - - [17/Oct/2022:22:03:27 +0700] "GET /assets/img/favicon.png HTTP/1.1" 200 1291
::1 - - [17/Oct/2022:22:05:18 +0700] "GET /dashboard/kelas/1 HTTP/1.1" 200 13835
::1 - - [17/Oct/2022:22:05:18 +0700] "GET /assets/css/admin/style.css?time=1666019118 HTTP/1.1" 200 131885
::1 - - [17/Oct/2022:22:05:18 +0700] "GET /assets/css/admin/perfect-scrollbar.css HTTP/1.1" 404 1130
::1 - - [17/Oct/2022:22:05:18 +0700] "GET /assets/css/admin/dataTables.bootstrap4.css HTTP/1.1" 404 1130
::1 - - [17/Oct/2022:22:05:18 +0700] "GET /assets/css/admin/responsive.dataTables.min.css HTTP/1.1" 404 1130
::1 - - [17/Oct/2022:22:05:19 +0700] "GET /assets/css/admin/perfect-scrollbar.css HTTP/1.1" 404 1130
::1 - - [17/Oct/2022:22:05:19 +0700] "GET /assets/css/admin/responsive.dataTables.min.css HTTP/1.1" 404 1130
::1 - - [17/Oct/2022:22:05:19 +0700] "GET /assets/css/admin/dataTables.bootstrap4.css HTTP/1.1" 404 1130
::1 - - [17/Oct/2022:22:05:19 +0700] "GET /assets/img/favicon.png HTTP/1.1" 200 1291
::1 - - [17/Oct/2022:22:11:21 +0700] "GET /dashboard/kelas/1 HTTP/1.1" 200 14231
::1 - - [17/Oct/2022:22:11:21 +0700] "GET /assets/css/admin/style.css?time=1666019481 HTTP/1.1" 200 131885
::1 - - [17/Oct/2022:22:11:21 +0700] "GET /assets/css/admin/perfect-scrollbar.css HTTP/1.1" 404 1130
::1 - - [17/Oct/2022:22:11:21 +0700] "GET /assets/css/admin/dataTables.bootstrap4.css HTTP/1.1" 404 1130
::1 - - [17/Oct/2022:22:11:21 +0700] "GET /assets/css/admin/responsive.dataTables.min.css HTTP/1.1" 404 1130
::1 - - [17/Oct/2022:22:11:21 +0700] "GET /assets/img/default-guru.png HTTP/1.1" 304 -
::1 - - [17/Oct/2022:22:11:21 +0700] "GET /assets/img/default-siswa.png HTTP/1.1" 304 -
::1 - - [17/Oct/2022:22:11:22 +0700] "GET /assets/css/admin/responsive.dataTables.min.css HTTP/1.1" 404 1130
::1 - - [17/Oct/2022:22:11:22 +0700] "GET /assets/css/admin/perfect-scrollbar.css HTTP/1.1" 404 1130
::1 - - [17/Oct/2022:22:11:22 +0700] "GET /assets/css/admin/dataTables.bootstrap4.css HTTP/1.1" 404 1130
::1 - - [17/Oct/2022:22:11:23 +0700] "GET /assets/img/favicon.png HTTP/1.1" 200 1291
::1 - - [17/Oct/2022:22:11:47 +0700] "GET /dashboard/kelas/1 HTTP/1.1" 200 14231
::1 - - [17/Oct/2022:22:11:48 +0700] "GET /assets/css/admin/style.css?time=1666019507 HTTP/1.1" 200 131885
::1 - - [17/Oct/2022:22:11:48 +0700] "GET /assets/css/admin/perfect-scrollbar.css HTTP/1.1" 404 1130
::1 - - [17/Oct/2022:22:11:48 +0700] "GET /assets/css/admin/dataTables.bootstrap4.css HTTP/1.1" 404 1130
::1 - - [17/Oct/2022:22:11:48 +0700] "GET /assets/css/admin/responsive.dataTables.min.css HTTP/1.1" 404 1130
::1 - - [17/Oct/2022:22:11:48 +0700] "GET /assets/css/admin/dataTables.bootstrap4.css HTTP/1.1" 404 1130
::1 - - [17/Oct/2022:22:11:48 +0700] "GET /assets/css/admin/perfect-scrollbar.css HTTP/1.1" 404 1130
::1 - - [17/Oct/2022:22:11:48 +0700] "GET /assets/css/admin/responsive.dataTables.min.css HTTP/1.1" 404 1130
::1 - - [17/Oct/2022:22:11:48 +0700] "GET /assets/img/favicon.png HTTP/1.1" 200 1291
::1 - - [17/Oct/2022:22:14:28 +0700] "GET /dashboard/kelas/1 HTTP/1.1" 200 14231
::1 - - [17/Oct/2022:22:14:28 +0700] "GET /assets/css/admin/style.css?time=1666019668 HTTP/1.1" 200 131885
::1 - - [17/Oct/2022:22:14:28 +0700] "GET /assets/css/admin/perfect-scrollbar.css HTTP/1.1" 404 1130
::1 - - [17/Oct/2022:22:14:28 +0700] "GET /assets/css/admin/dataTables.bootstrap4.css HTTP/1.1" 404 1130
::1 - - [17/Oct/2022:22:14:28 +0700] "GET /assets/css/admin/responsive.dataTables.min.css HTTP/1.1" 404 1130
::1 - - [17/Oct/2022:22:14:29 +0700] "GET /assets/css/admin/perfect-scrollbar.css HTTP/1.1" 404 1130
::1 - - [17/Oct/2022:22:14:29 +0700] "GET /assets/css/admin/dataTables.bootstrap4.css HTTP/1.1" 404 1130
::1 - - [17/Oct/2022:22:14:29 +0700] "GET /assets/css/admin/responsive.dataTables.min.css HTTP/1.1" 404 1130
::1 - - [17/Oct/2022:22:14:29 +0700] "GET /assets/img/favicon.png HTTP/1.1" 200 1291
::1 - - [17/Oct/2022:22:14:34 +0700] "GET /dashboard/kelas/1 HTTP/1.1" 200 14231
::1 - - [17/Oct/2022:22:14:35 +0700] "GET /assets/css/admin/style.css?time=1666019674 HTTP/1.1" 200 131885
::1 - - [17/Oct/2022:22:14:35 +0700] "GET /assets/css/admin/dataTables.bootstrap4.css HTTP/1.1" 404 1130
::1 - - [17/Oct/2022:22:14:35 +0700] "GET /assets/css/admin/responsive.dataTables.min.css HTTP/1.1" 404 1130
::1 - - [17/Oct/2022:22:14:35 +0700] "GET /assets/css/admin/perfect-scrollbar.css HTTP/1.1" 404 1130
::1 - - [17/Oct/2022:22:14:35 +0700] "GET /assets/css/admin/perfect-scrollbar.css HTTP/1.1" 404 1130
::1 - - [17/Oct/2022:22:14:35 +0700] "GET /assets/css/admin/responsive.dataTables.min.css HTTP/1.1" 404 1130
::1 - - [17/Oct/2022:22:14:35 +0700] "GET /assets/css/admin/dataTables.bootstrap4.css HTTP/1.1" 404 1130
::1 - - [17/Oct/2022:22:14:35 +0700] "GET /assets/img/favicon.png HTTP/1.1" 200 1291
::1 - - [17/Oct/2022:22:14:51 +0700] "GET /dashboard/kelas/1 HTTP/1.1" 307 -
::1 - - [17/Oct/2022:22:14:51 +0700] "GET /auth/logout HTTP/1.1" 307 -
::1 - - [17/Oct/2022:22:14:51 +0700] "GET /auth HTTP/1.1" 200 4498
::1 - - [17/Oct/2022:22:14:52 +0700] "GET /assets/css/auth/styles.css?time=1666019692 HTTP/1.1" 200 4098
::1 - - [17/Oct/2022:22:14:52 +0700] "GET /assets/js/auth/main.js HTTP/1.1" 304 -
::1 - - [17/Oct/2022:22:14:58 +0700] "POST /auth/login HTTP/1.1" 303 -
::1 - - [17/Oct/2022:22:14:59 +0700] "GET /dashboard HTTP/1.1" 200 16300
::1 - - [17/Oct/2022:22:14:59 +0700] "GET /assets/css/admin/style.css?time=1666019699 HTTP/1.1" 200 131885
::1 - - [17/Oct/2022:22:14:59 +0700] "GET /assets/css/admin/perfect-scrollbar.css HTTP/1.1" 404 1130
::1 - - [17/Oct/2022:22:14:59 +0700] "GET /assets/css/admin/dataTables.bootstrap4.css HTTP/1.1" 404 1130
::1 - - [17/Oct/2022:22:14:59 +0700] "GET /assets/css/admin/responsive.dataTables.min.css HTTP/1.1" 404 1130
::1 - - [17/Oct/2022:22:14:59 +0700] "GET /assets/css/admin/perfect-scrollbar.css HTTP/1.1" 404 1130
::1 - - [17/Oct/2022:22:14:59 +0700] "GET /assets/css/admin/responsive.dataTables.min.css HTTP/1.1" 404 1130
::1 - - [17/Oct/2022:22:14:59 +0700] "GET /assets/css/admin/dataTables.bootstrap4.css HTTP/1.1" 404 1130
::1 - - [17/Oct/2022:22:15:02 +0700] "GET /dashboard/kelas HTTP/1.1" 200 13320
::1 - - [17/Oct/2022:22:15:02 +0700] "GET /assets/css/admin/style.css?time=1666019702 HTTP/1.1" 200 131885
::1 - - [17/Oct/2022:22:15:02 +0700] "GET /assets/css/admin/perfect-scrollbar.css HTTP/1.1" 404 1130
::1 - - [17/Oct/2022:22:15:02 +0700] "GET /assets/css/admin/dataTables.bootstrap4.css HTTP/1.1" 404 1130
::1 - - [17/Oct/2022:22:15:02 +0700] "GET /assets/css/admin/responsive.dataTables.min.css HTTP/1.1" 404 1130
::1 - - [17/Oct/2022:22:15:03 +0700] "GET /assets/css/admin/perfect-scrollbar.css HTTP/1.1" 404 1130
::1 - - [17/Oct/2022:22:15:03 +0700] "GET /assets/css/admin/dataTables.bootstrap4.css HTTP/1.1" 404 1130
::1 - - [17/Oct/2022:22:15:03 +0700] "GET /assets/css/admin/responsive.dataTables.min.css HTTP/1.1" 404 1130
::1 - - [17/Oct/2022:22:15:04 +0700] "GET /dashboard/kelas/1 HTTP/1.1" 200 14231
::1 - - [17/Oct/2022:22:15:05 +0700] "GET /assets/css/admin/style.css?time=1666019705 HTTP/1.1" 200 131885
::1 - - [17/Oct/2022:22:15:05 +0700] "GET /assets/css/admin/perfect-scrollbar.css HTTP/1.1" 404 1130
::1 - - [17/Oct/2022:22:15:05 +0700] "GET /assets/css/admin/dataTables.bootstrap4.css HTTP/1.1" 404 1130
::1 - - [17/Oct/2022:22:15:05 +0700] "GET /assets/css/admin/responsive.dataTables.min.css HTTP/1.1" 404 1130
::1 - - [17/Oct/2022:22:15:05 +0700] "GET /assets/css/admin/perfect-scrollbar.css HTTP/1.1" 404 1130
::1 - - [17/Oct/2022:22:15:05 +0700] "GET /assets/css/admin/responsive.dataTables.min.css HTTP/1.1" 404 1130
::1 - - [17/Oct/2022:22:15:05 +0700] "GET /assets/css/admin/dataTables.bootstrap4.css HTTP/1.1" 404 1130
::1 - - [17/Oct/2022:22:15:10 +0700] "GET /dashboard/kelas/1 HTTP/1.1" 200 14231
::1 - - [17/Oct/2022:22:15:10 +0700] "GET /assets/css/admin/style.css?time=1666019710 HTTP/1.1" 200 131885
::1 - - [17/Oct/2022:22:15:10 +0700] "GET /assets/css/admin/perfect-scrollbar.css HTTP/1.1" 404 1130
::1 - - [17/Oct/2022:22:15:10 +0700] "GET /assets/css/admin/dataTables.bootstrap4.css HTTP/1.1" 404 1130
::1 - - [17/Oct/2022:22:15:10 +0700] "GET /assets/css/admin/responsive.dataTables.min.css HTTP/1.1" 404 1130
::1 - - [17/Oct/2022:22:15:10 +0700] "GET /assets/css/admin/perfect-scrollbar.css HTTP/1.1" 404 1130
::1 - - [17/Oct/2022:22:15:10 +0700] "GET /assets/css/admin/responsive.dataTables.min.css HTTP/1.1" 404 1130
::1 - - [17/Oct/2022:22:15:10 +0700] "GET /assets/css/admin/dataTables.bootstrap4.css HTTP/1.1" 404 1130
::1 - - [17/Oct/2022:22:15:11 +0700] "GET /assets/img/favicon.png HTTP/1.1" 200 1291
::1 - - [17/Oct/2022:22:16:11 +0700] "GET /dashboard/kelas/1 HTTP/1.1" 200 14231
::1 - - [17/Oct/2022:22:16:11 +0700] "GET /assets/css/admin/style.css?time=1666019771 HTTP/1.1" 200 131885
::1 - - [17/Oct/2022:22:16:11 +0700] "GET /assets/css/admin/perfect-scrollbar.css HTTP/1.1" 404 1130
::1 - - [17/Oct/2022:22:16:11 +0700] "GET /assets/css/admin/dataTables.bootstrap4.css HTTP/1.1" 404 1130
::1 - - [17/Oct/2022:22:16:11 +0700] "GET /assets/css/admin/responsive.dataTables.min.css HTTP/1.1" 404 1130
::1 - - [17/Oct/2022:22:16:12 +0700] "GET /assets/css/admin/perfect-scrollbar.css HTTP/1.1" 404 1130
::1 - - [17/Oct/2022:22:16:12 +0700] "GET /assets/css/admin/dataTables.bootstrap4.css HTTP/1.1" 404 1130
::1 - - [17/Oct/2022:22:16:12 +0700] "GET /assets/css/admin/responsive.dataTables.min.css HTTP/1.1" 404 1130
::1 - - [17/Oct/2022:22:16:12 +0700] "GET /assets/img/favicon.png HTTP/1.1" 200 1291
::1 - - [17/Oct/2022:22:16:17 +0700] "GET /dashboard/kelas/1 HTTP/1.1" 200 14231
::1 - - [17/Oct/2022:22:16:17 +0700] "GET /assets/css/admin/style.css?time=1666019777 HTTP/1.1" 200 131885
::1 - - [17/Oct/2022:22:16:17 +0700] "GET /assets/css/admin/perfect-scrollbar.css HTTP/1.1" 404 1130
::1 - - [17/Oct/2022:22:16:17 +0700] "GET /assets/css/admin/dataTables.bootstrap4.css HTTP/1.1" 404 1130
::1 - - [17/Oct/2022:22:16:17 +0700] "GET /assets/css/admin/responsive.dataTables.min.css HTTP/1.1" 404 1130
::1 - - [17/Oct/2022:22:16:18 +0700] "GET /assets/css/admin/perfect-scrollbar.css HTTP/1.1" 404 1130
::1 - - [17/Oct/2022:22:16:18 +0700] "GET /assets/css/admin/dataTables.bootstrap4.css HTTP/1.1" 404 1130
::1 - - [17/Oct/2022:22:16:18 +0700] "GET /assets/css/admin/responsive.dataTables.min.css HTTP/1.1" 404 1130
::1 - - [17/Oct/2022:22:16:18 +0700] "GET /assets/img/favicon.png HTTP/1.1" 200 1291
::1 - - [17/Oct/2022:22:16:26 +0700] "GET /dashboard/kelas/1 HTTP/1.1" 200 14231
::1 - - [17/Oct/2022:22:16:26 +0700] "GET /assets/css/admin/style.css?time=1666019786 HTTP/1.1" 200 131885
::1 - - [17/Oct/2022:22:16:26 +0700] "GET /assets/css/admin/dataTables.bootstrap4.css HTTP/1.1" 404 1130
::1 - - [17/Oct/2022:22:16:26 +0700] "GET /assets/css/admin/responsive.dataTables.min.css HTTP/1.1" 404 1130
::1 - - [17/Oct/2022:22:16:26 +0700] "GET /assets/css/admin/perfect-scrollbar.css HTTP/1.1" 404 1130
::1 - - [17/Oct/2022:22:16:26 +0700] "GET /assets/css/admin/perfect-scrollbar.css HTTP/1.1" 404 1130
::1 - - [17/Oct/2022:22:16:26 +0700] "GET /assets/css/admin/dataTables.bootstrap4.css HTTP/1.1" 404 1130
::1 - - [17/Oct/2022:22:16:26 +0700] "GET /assets/css/admin/responsive.dataTables.min.css HTTP/1.1" 404 1130
::1 - - [17/Oct/2022:22:16:27 +0700] "GET /assets/img/favicon.png HTTP/1.1" 200 1291
::1 - - [17/Oct/2022:22:16:34 +0700] "GET /dashboard/kelas/1 HTTP/1.1" 200 14231
::1 - - [17/Oct/2022:22:16:34 +0700] "GET /assets/css/admin/style.css?time=1666019794 HTTP/1.1" 200 131885
::1 - - [17/Oct/2022:22:16:34 +0700] "GET /assets/css/admin/dataTables.bootstrap4.css HTTP/1.1" 404 1130
::1 - - [17/Oct/2022:22:16:34 +0700] "GET /assets/css/admin/perfect-scrollbar.css HTTP/1.1" 404 1130
::1 - - [17/Oct/2022:22:16:34 +0700] "GET /assets/css/admin/responsive.dataTables.min.css HTTP/1.1" 404 1130
::1 - - [17/Oct/2022:22:16:35 +0700] "GET /assets/css/admin/perfect-scrollbar.css HTTP/1.1" 404 1130
::1 - - [17/Oct/2022:22:16:35 +0700] "GET /assets/css/admin/dataTables.bootstrap4.css HTTP/1.1" 404 1130
::1 - - [17/Oct/2022:22:16:35 +0700] "GET /assets/css/admin/responsive.dataTables.min.css HTTP/1.1" 404 1130
::1 - - [17/Oct/2022:22:16:35 +0700] "GET /assets/img/favicon.png HTTP/1.1" 200 1291
::1 - - [17/Oct/2022:22:17:18 +0700] "GET /dashboard/kelas/1 HTTP/1.1" 200 14231
::1 - - [17/Oct/2022:22:17:18 +0700] "GET /assets/css/admin/style.css?time=1666019838 HTTP/1.1" 200 131885
::1 - - [17/Oct/2022:22:17:18 +0700] "GET /assets/css/admin/dataTables.bootstrap4.css HTTP/1.1" 404 1130
::1 - - [17/Oct/2022:22:17:18 +0700] "GET /assets/css/admin/perfect-scrollbar.css HTTP/1.1" 404 1130
::1 - - [17/Oct/2022:22:17:18 +0700] "GET /assets/css/admin/responsive.dataTables.min.css HTTP/1.1" 404 1130
::1 - - [17/Oct/2022:22:17:19 +0700] "GET /assets/css/admin/perfect-scrollbar.css HTTP/1.1" 404 1130
::1 - - [17/Oct/2022:22:17:19 +0700] "GET /assets/css/admin/responsive.dataTables.min.css HTTP/1.1" 404 1130
::1 - - [17/Oct/2022:22:17:19 +0700] "GET /assets/css/admin/dataTables.bootstrap4.css HTTP/1.1" 404 1130
::1 - - [17/Oct/2022:22:17:19 +0700] "GET /assets/img/favicon.png HTTP/1.1" 200 1291
::1 - - [17/Oct/2022:22:17:29 +0700] "GET /dashboard/kelas/1 HTTP/1.1" 200 14231
::1 - - [17/Oct/2022:22:17:29 +0700] "GET /assets/css/admin/style.css?time=1666019849 HTTP/1.1" 200 131885
::1 - - [17/Oct/2022:22:17:29 +0700] "GET /assets/css/admin/perfect-scrollbar.css HTTP/1.1" 404 1130
::1 - - [17/Oct/2022:22:17:29 +0700] "GET /assets/css/admin/dataTables.bootstrap4.css HTTP/1.1" 404 1130
::1 - - [17/Oct/2022:22:17:29 +0700] "GET /assets/css/admin/responsive.dataTables.min.css HTTP/1.1" 404 1130
::1 - - [17/Oct/2022:22:17:30 +0700] "GET /assets/css/admin/dataTables.bootstrap4.css HTTP/1.1" 404 1130
::1 - - [17/Oct/2022:22:17:30 +0700] "GET /assets/css/admin/perfect-scrollbar.css HTTP/1.1" 404 1130
::1 - - [17/Oct/2022:22:17:30 +0700] "GET /assets/css/admin/responsive.dataTables.min.css HTTP/1.1" 404 1130
::1 - - [17/Oct/2022:22:17:30 +0700] "GET /assets/img/favicon.png HTTP/1.1" 200 1291
::1 - - [17/Oct/2022:22:17:36 +0700] "GET / HTTP/1.1" 307 -
::1 - - [17/Oct/2022:22:17:36 +0700] "GET /auth/logout HTTP/1.1" 307 -
::1 - - [17/Oct/2022:22:17:36 +0700] "GET /auth HTTP/1.1" 200 4498
::1 - - [17/Oct/2022:22:17:36 +0700] "GET /assets/css/auth/styles.css?time=1666019856 HTTP/1.1" 200 4098
::1 - - [17/Oct/2022:22:17:37 +0700] "GET /assets/js/auth/main.js HTTP/1.1" 200 741
::1 - - [17/Oct/2022:22:17:37 +0700] "GET /assets/img/img-login.svg HTTP/1.1" 200 42130
::1 - - [17/Oct/2022:22:17:46 +0700] "GET /auth/lost_password HTTP/1.1" 200 1952
::1 - - [17/Oct/2022:22:17:47 +0700] "GET /assets/css/auth/styles.css?time=1666019867 HTTP/1.1" 200 4098
::1 - - [17/Oct/2022:22:17:53 +0700] "POST /auth/login HTTP/1.1" 303 -
::1 - - [17/Oct/2022:22:17:53 +0700] "GET /dashboard HTTP/1.1" 200 16300
::1 - - [17/Oct/2022:22:17:53 +0700] "GET /assets/js/jquery.js HTTP/1.1" 200 89493
::1 - - [17/Oct/2022:22:17:53 +0700] "GET /assets/css/admin/bootstrap.min.css HTTP/1.1" 200 160403
::1 - - [17/Oct/2022:22:17:53 +0700] "GET /assets/css/admin/morris.css HTTP/1.1" 200 566
::1 - - [17/Oct/2022:22:17:53 +0700] "GET /assets/css/admin/c3.min.css HTTP/1.1" 200 2161
::1 - - [17/Oct/2022:22:17:53 +0700] "GET /assets/css/admin/style.css?time=1666019873 HTTP/1.1" 200 131885
::1 - - [17/Oct/2022:22:17:53 +0700] "GET /assets/css/admin/perfect-scrollbar.css HTTP/1.1" 404 1130
::1 - - [17/Oct/2022:22:17:53 +0700] "GET /assets/css/admin/default-color.css HTTP/1.1" 200 2585
::1 - - [17/Oct/2022:22:17:53 +0700] "GET /assets/css/admin/dataTables.bootstrap4.css HTTP/1.1" 404 1130
::1 - - [17/Oct/2022:22:17:53 +0700] "GET /assets/css/admin/responsive.dataTables.min.css HTTP/1.1" 404 1130
::1 - - [17/Oct/2022:22:17:54 +0700] "GET /assets/js/admin/popper.min.js HTTP/1.1" 200 20336
::1 - - [17/Oct/2022:22:17:54 +0700] "GET /assets/js/admin/bootstrap.min.js HTTP/1.1" 200 60174
::1 - - [17/Oct/2022:22:17:54 +0700] "GET /assets/js/admin/perfect-scrollbar.jquery.min.js HTTP/1.1" 200 46236
::1 - - [17/Oct/2022:22:17:54 +0700] "GET /assets/css/admin/spinners.css HTTP/1.1" 200 3337
::1 - - [17/Oct/2022:22:17:54 +0700] "GET /assets/icons/font-awesome/css/font-awesome.min.css HTTP/1.1" 200 31010
::1 - - [17/Oct/2022:22:17:54 +0700] "GET /assets/css/admin/animate.css HTTP/1.1" 200 56455
::1 - - [17/Oct/2022:22:17:54 +0700] "GET /assets/js/admin/waves.js HTTP/1.1" 200 6645
::1 - - [17/Oct/2022:22:17:54 +0700] "GET /assets/js/admin/sidebarmenu.js HTTP/1.1" 200 11332
::1 - - [17/Oct/2022:22:17:54 +0700] "GET /assets/js/admin/custom.min.js HTTP/1.1" 200 3874
::1 - - [17/Oct/2022:22:17:54 +0700] "GET /assets/js/admin/raphael-min.js HTTP/1.1" 200 93255
::1 - - [17/Oct/2022:22:17:54 +0700] "GET /assets/js/admin/morris.min.js HTTP/1.1" 200 35658
::1 - - [17/Oct/2022:22:17:54 +0700] "GET /assets/css/admin/dataTables.bootstrap4.css HTTP/1.1" 404 1130
::1 - - [17/Oct/2022:22:17:54 +0700] "GET /assets/css/admin/perfect-scrollbar.css HTTP/1.1" 404 1130
::1 - - [17/Oct/2022:22:17:54 +0700] "GET /assets/js/admin/d3.min.js HTTP/1.1" 200 151729
::1 - - [17/Oct/2022:22:17:54 +0700] "GET /assets/js/admin/c3.min.js HTTP/1.1" 200 186820
::1 - - [17/Oct/2022:22:17:54 +0700] "GET /assets/img/logo-icon.png HTTP/1.1" 200 1615
::1 - - [17/Oct/2022:22:17:54 +0700] "GET /assets/css/admin/responsive.dataTables.min.css HTTP/1.1" 404 1130
::1 - - [17/Oct/2022:22:17:54 +0700] "GET /assets/img/logo-light-icon.png HTTP/1.1" 200 1439
::1 - - [17/Oct/2022:22:17:54 +0700] "GET /assets/img/logo-text.png HTTP/1.1" 200 1983
::1 - - [17/Oct/2022:22:17:54 +0700] "GET /assets/img/logo-light-text.png HTTP/1.1" 200 1907
::1 - - [17/Oct/2022:22:17:54 +0700] "GET /assets/img/default-guru.png HTTP/1.1" 200 30012
::1 - - [17/Oct/2022:22:17:54 +0700] "GET /assets/icons/font-awesome//fonts/fontawesome-webfont.woff2?v=4.7.0 HTTP/1.1" 200 77160
::1 - - [17/Oct/2022:22:17:54 +0700] "GET /assets/img/favicon.png HTTP/1.1" 200 1291
::1 - - [17/Oct/2022:22:17:59 +0700] "GET /dashboard/kelas HTTP/1.1" 200 13320
::1 - - [17/Oct/2022:22:18:00 +0700] "GET /assets/css/admin/style.css?time=1666019879 HTTP/1.1" 200 131885
::1 - - [17/Oct/2022:22:18:00 +0700] "GET /assets/css/admin/perfect-scrollbar.css HTTP/1.1" 404 1130
::1 - - [17/Oct/2022:22:18:00 +0700] "GET /assets/css/admin/responsive.dataTables.min.css HTTP/1.1" 404 1130
::1 - - [17/Oct/2022:22:18:00 +0700] "GET /assets/css/admin/dataTables.bootstrap4.css HTTP/1.1" 404 1130
::1 - - [17/Oct/2022:22:18:00 +0700] "GET /assets/css/admin/dataTables.bootstrap4.css HTTP/1.1" 404 1130
::1 - - [17/Oct/2022:22:18:00 +0700] "GET /assets/css/admin/responsive.dataTables.min.css HTTP/1.1" 404 1130
::1 - - [17/Oct/2022:22:18:00 +0700] "GET /assets/css/admin/perfect-scrollbar.css HTTP/1.1" 404 1130
::1 - - [17/Oct/2022:22:18:04 +0700] "GET /dashboard/kelas/1 HTTP/1.1" 200 14231
::1 - - [17/Oct/2022:22:18:05 +0700] "GET /assets/css/admin/style.css?time=1666019884 HTTP/1.1" 200 131885
::1 - - [17/Oct/2022:22:18:05 +0700] "GET /assets/css/admin/perfect-scrollbar.css HTTP/1.1" 404 1130
::1 - - [17/Oct/2022:22:18:05 +0700] "GET /assets/css/admin/responsive.dataTables.min.css HTTP/1.1" 404 1130
::1 - - [17/Oct/2022:22:18:05 +0700] "GET /assets/css/admin/dataTables.bootstrap4.css HTTP/1.1" 404 1130
::1 - - [17/Oct/2022:22:18:05 +0700] "GET /assets/img/avatar/48596dfaab2a5f55c1c99cdf6bd9020d.jpg HTTP/1.1" 200 202039
::1 - - [17/Oct/2022:22:18:05 +0700] "GET /assets/img/default-siswa.png HTTP/1.1" 200 25050
::1 - - [17/Oct/2022:22:18:05 +0700] "GET /assets/css/admin/dataTables.bootstrap4.css HTTP/1.1" 404 1130
::1 - - [17/Oct/2022:22:18:05 +0700] "GET /assets/css/admin/perfect-scrollbar.css HTTP/1.1" 404 1130
::1 - - [17/Oct/2022:22:18:05 +0700] "GET /assets/css/admin/responsive.dataTables.min.css HTTP/1.1" 404 1130
::1 - - [17/Oct/2022:22:18:24 +0700] "GET /dashboard/kelas/1 HTTP/1.1" 200 14231
::1 - - [17/Oct/2022:22:18:24 +0700] "GET /assets/css/admin/style.css?time=1666019904 HTTP/1.1" 200 131885
::1 - - [17/Oct/2022:22:18:24 +0700] "GET /assets/css/admin/perfect-scrollbar.css HTTP/1.1" 404 1130
::1 - - [17/Oct/2022:22:18:24 +0700] "GET /assets/css/admin/dataTables.bootstrap4.css HTTP/1.1" 404 1130
::1 - - [17/Oct/2022:22:18:24 +0700] "GET /assets/css/admin/responsive.dataTables.min.css HTTP/1.1" 404 1130
::1 - - [17/Oct/2022:22:18:24 +0700] "GET /assets/css/admin/dataTables.bootstrap4.css HTTP/1.1" 404 1130
::1 - - [17/Oct/2022:22:18:24 +0700] "GET /assets/css/admin/responsive.dataTables.min.css HTTP/1.1" 404 1130
::1 - - [17/Oct/2022:22:18:24 +0700] "GET /assets/css/admin/perfect-scrollbar.css HTTP/1.1" 404 1130
::1 - - [17/Oct/2022:22:21:23 +0700] "GET /dashboard/kelas/1 HTTP/1.1" 200 14225
::1 - - [17/Oct/2022:22:21:24 +0700] "GET /assets/css/admin/style.css?time=1666020083 HTTP/1.1" 200 131885
::1 - - [17/Oct/2022:22:21:23 +0700] "GET /assets/css/admin/perfect-scrollbar.css HTTP/1.1" 404 1130
::1 - - [17/Oct/2022:22:21:24 +0700] "GET /assets/css/admin/responsive.dataTables.min.css HTTP/1.1" 404 1130
::1 - - [17/Oct/2022:22:21:23 +0700] "GET /assets/css/admin/dataTables.bootstrap4.css HTTP/1.1" 404 1130
::1 - - [17/Oct/2022:22:21:24 +0700] "GET /assets/js/admin/custom.min.js HTTP/1.1" 304 -
::1 - - [17/Oct/2022:22:21:24 +0700] "GET /assets/css/admin/perfect-scrollbar.css HTTP/1.1" 404 1130
::1 - - [17/Oct/2022:22:21:24 +0700] "GET /assets/css/admin/responsive.dataTables.min.css HTTP/1.1" 404 1130
::1 - - [17/Oct/2022:22:21:24 +0700] "GET /assets/css/admin/dataTables.bootstrap4.css HTTP/1.1" 404 1130
::1 - - [17/Oct/2022:22:21:37 +0700] "GET /dashboard/kelas/1 HTTP/1.1" 200 14225
::1 - - [17/Oct/2022:22:24:16 +0700] "GET /dashboard/kelas/1 HTTP/1.1" 200 14282
::1 - - [17/Oct/2022:22:24:16 +0700] "GET /assets/css/admin/style.css?time=1666020256 HTTP/1.1" 200 131885
::1 - - [17/Oct/2022:22:24:16 +0700] "GET /assets/css/admin/perfect-scrollbar.css HTTP/1.1" 404 1130
::1 - - [17/Oct/2022:22:24:16 +0700] "GET /assets/css/admin/dataTables.bootstrap4.css HTTP/1.1" 404 1130
::1 - - [17/Oct/2022:22:24:16 +0700] "GET /assets/css/admin/responsive.dataTables.min.css HTTP/1.1" 404 1130
::1 - - [17/Oct/2022:22:24:17 +0700] "GET /assets/js/admin/custom.min.js HTTP/1.1" 304 -
::1 - - [17/Oct/2022:22:24:17 +0700] "GET /assets/css/admin/perfect-scrollbar.css HTTP/1.1" 404 1130
::1 - - [17/Oct/2022:22:24:17 +0700] "GET /assets/css/admin/responsive.dataTables.min.css HTTP/1.1" 404 1130
::1 - - [17/Oct/2022:22:24:17 +0700] "GET /assets/css/admin/dataTables.bootstrap4.css HTTP/1.1" 404 1130
::1 - - [17/Oct/2022:22:24:58 +0700] "GET /dashboard/kelas/1 HTTP/1.1" 200 14279
::1 - - [17/Oct/2022:22:24:59 +0700] "GET /assets/css/admin/style.css?time=1666020298 HTTP/1.1" 200 131885
::1 - - [17/Oct/2022:22:24:59 +0700] "GET /assets/css/admin/perfect-scrollbar.css HTTP/1.1" 404 1130
::1 - - [17/Oct/2022:22:24:59 +0700] "GET /assets/css/admin/responsive.dataTables.min.css HTTP/1.1" 404 1130
::1 - - [17/Oct/2022:22:24:59 +0700] "GET /assets/css/admin/dataTables.bootstrap4.css HTTP/1.1" 404 1130
::1 - - [17/Oct/2022:22:24:59 +0700] "GET /assets/css/admin/perfect-scrollbar.css HTTP/1.1" 404 1130
::1 - - [17/Oct/2022:22:24:59 +0700] "GET /assets/css/admin/dataTables.bootstrap4.css HTTP/1.1" 404 1130
::1 - - [17/Oct/2022:22:24:59 +0700] "GET /assets/css/admin/responsive.dataTables.min.css HTTP/1.1" 404 1130
::1 - - [17/Oct/2022:22:25:20 +0700] "GET /dashboard/kelas/1 HTTP/1.1" 200 14281
::1 - - [17/Oct/2022:22:25:20 +0700] "GET /assets/css/admin/style.css?time=1666020320 HTTP/1.1" 200 131885
::1 - - [17/Oct/2022:22:25:20 +0700] "GET /assets/css/admin/perfect-scrollbar.css HTTP/1.1" 404 1130
::1 - - [17/Oct/2022:22:25:20 +0700] "GET /assets/css/admin/responsive.dataTables.min.css HTTP/1.1" 404 1130
::1 - - [17/Oct/2022:22:25:20 +0700] "GET /assets/css/admin/dataTables.bootstrap4.css HTTP/1.1" 404 1130
::1 - - [17/Oct/2022:22:25:20 +0700] "GET /assets/css/admin/dataTables.bootstrap4.css HTTP/1.1" 404 1130
::1 - - [17/Oct/2022:22:25:20 +0700] "GET /assets/css/admin/perfect-scrollbar.css HTTP/1.1" 404 1130
::1 - - [17/Oct/2022:22:25:20 +0700] "GET /assets/css/admin/responsive.dataTables.min.css HTTP/1.1" 404 1130
::1 - - [17/Oct/2022:22:25:23 +0700] "POST /admin/home/del_class HTTP/1.1" 404 1130
::1 - - [17/Oct/2022:22:25:39 +0700] "GET /dashboard/kelas/1 HTTP/1.1" 200 14284
::1 - - [17/Oct/2022:22:25:39 +0700] "GET /assets/css/admin/style.css?time=1666020339 HTTP/1.1" 200 131885
::1 - - [17/Oct/2022:22:25:39 +0700] "GET /assets/css/admin/perfect-scrollbar.css HTTP/1.1" 404 1130
::1 - - [17/Oct/2022:22:25:39 +0700] "GET /assets/css/admin/responsive.dataTables.min.css HTTP/1.1" 404 1130
::1 - - [17/Oct/2022:22:25:39 +0700] "GET /assets/css/admin/dataTables.bootstrap4.css HTTP/1.1" 404 1130
::1 - - [17/Oct/2022:22:25:40 +0700] "GET /assets/css/admin/responsive.dataTables.min.css HTTP/1.1" 404 1130
::1 - - [17/Oct/2022:22:25:40 +0700] "GET /assets/css/admin/perfect-scrollbar.css HTTP/1.1" 404 1130
::1 - - [17/Oct/2022:22:25:40 +0700] "GET /assets/css/admin/dataTables.bootstrap4.css HTTP/1.1" 404 1130
::1 - - [17/Oct/2022:22:25:43 +0700] "POST /admin/home/del_class HTTP/1.1" 404 1130
::1 - - [17/Oct/2022:22:26:20 +0700] "GET /dashboard/kelas/1 HTTP/1.1" 200 14255
::1 - - [17/Oct/2022:22:26:21 +0700] "GET /assets/css/admin/style.css?time=1666020381 HTTP/1.1" 200 131885
::1 - - [17/Oct/2022:22:26:21 +0700] "GET /assets/css/admin/perfect-scrollbar.css HTTP/1.1" 404 1130
::1 - - [17/Oct/2022:22:26:21 +0700] "GET /assets/css/admin/dataTables.bootstrap4.css HTTP/1.1" 404 1130
::1 - - [17/Oct/2022:22:26:21 +0700] "GET /assets/css/admin/responsive.dataTables.min.css HTTP/1.1" 404 1130
::1 - - [17/Oct/2022:22:26:21 +0700] "GET /assets/js/admin/custom.min.js HTTP/1.1" 304 -
::1 - - [17/Oct/2022:22:26:21 +0700] "GET /assets/css/admin/responsive.dataTables.min.css HTTP/1.1" 404 1130
::1 - - [17/Oct/2022:22:26:21 +0700] "GET /assets/css/admin/dataTables.bootstrap4.css HTTP/1.1" 404 1130
::1 - - [17/Oct/2022:22:26:21 +0700] "GET /assets/css/admin/perfect-scrollbar.css HTTP/1.1" 404 1130
::1 - - [17/Oct/2022:22:26:24 +0700] "POST /admin/home/del_class HTTP/1.1" 404 1130
::1 - - [17/Oct/2022:22:29:41 +0700] "GET /dashboard/kelas/1 HTTP/1.1" 200 14321
::1 - - [17/Oct/2022:22:29:41 +0700] "GET /assets/css/admin/style.css?time=1666020581 HTTP/1.1" 200 131885
::1 - - [17/Oct/2022:22:29:41 +0700] "GET /assets/css/admin/perfect-scrollbar.css HTTP/1.1" 404 1130
::1 - - [17/Oct/2022:22:29:41 +0700] "GET /assets/css/admin/responsive.dataTables.min.css HTTP/1.1" 404 1130
::1 - - [17/Oct/2022:22:29:41 +0700] "GET /assets/css/admin/dataTables.bootstrap4.css HTTP/1.1" 404 1130
::1 - - [17/Oct/2022:22:29:41 +0700] "GET /assets/js/admin/custom.min.js HTTP/1.1" 304 -
::1 - - [17/Oct/2022:22:29:41 +0700] "GET /assets/css/admin/perfect-scrollbar.css HTTP/1.1" 404 1130
::1 - - [17/Oct/2022:22:29:41 +0700] "GET /assets/css/admin/dataTables.bootstrap4.css HTTP/1.1" 404 1130
::1 - - [17/Oct/2022:22:29:41 +0700] "GET /assets/css/admin/responsive.dataTables.min.css HTTP/1.1" 404 1130
::1 - - [17/Oct/2022:22:29:44 +0700] "POST /admin/home/del_class HTTP/1.1" 404 1130
::1 - - [17/Oct/2022:22:29:52 +0700] "POST /admin/home/del_class HTTP/1.1" 404 1130
::1 - - [17/Oct/2022:22:30:06 +0700] "POST /admin/home/del_class HTTP/1.1" 404 1130
::1 - - [17/Oct/2022:22:32:49 +0700] "GET /dashboard/kelas/1 HTTP/1.1" 200 14401
::1 - - [17/Oct/2022:22:32:50 +0700] "GET /assets/css/admin/style.css?time=1666020769 HTTP/1.1" 200 131885
::1 - - [17/Oct/2022:22:32:50 +0700] "GET /assets/css/admin/perfect-scrollbar.css HTTP/1.1" 404 1130
::1 - - [17/Oct/2022:22:32:50 +0700] "GET /assets/css/admin/responsive.dataTables.min.css HTTP/1.1" 404 1130
::1 - - [17/Oct/2022:22:32:50 +0700] "GET /assets/css/admin/dataTables.bootstrap4.css HTTP/1.1" 404 1130
::1 - - [17/Oct/2022:22:32:50 +0700] "GET /assets/js/admin/custom.min.js HTTP/1.1" 304 -
::1 - - [17/Oct/2022:22:32:50 +0700] "GET /assets/css/admin/perfect-scrollbar.css HTTP/1.1" 404 1130
::1 - - [17/Oct/2022:22:32:50 +0700] "GET /assets/css/admin/dataTables.bootstrap4.css HTTP/1.1" 404 1130
::1 - - [17/Oct/2022:22:32:50 +0700] "GET /assets/css/admin/responsive.dataTables.min.css HTTP/1.1" 404 1130
::1 - - [17/Oct/2022:22:32:52 +0700] "POST /admin/home/del_class HTTP/1.1" 404 1130
::1 - - [17/Oct/2022:22:33:00 +0700] "GET /dashboard/kelas HTTP/1.1" 200 13320
::1 - - [17/Oct/2022:22:33:00 +0700] "GET /assets/css/admin/style.css?time=1666020780 HTTP/1.1" 200 131885
::1 - - [17/Oct/2022:22:33:00 +0700] "GET /assets/css/admin/perfect-scrollbar.css HTTP/1.1" 404 1130
::1 - - [17/Oct/2022:22:33:00 +0700] "GET /assets/css/admin/responsive.dataTables.min.css HTTP/1.1" 404 1130
::1 - - [17/Oct/2022:22:33:00 +0700] "GET /assets/css/admin/dataTables.bootstrap4.css HTTP/1.1" 404 1130
::1 - - [17/Oct/2022:22:33:00 +0700] "GET /assets/css/admin/perfect-scrollbar.css HTTP/1.1" 404 1130
::1 - - [17/Oct/2022:22:33:00 +0700] "GET /assets/css/admin/responsive.dataTables.min.css HTTP/1.1" 404 1130
::1 - - [17/Oct/2022:22:33:00 +0700] "GET /assets/css/admin/dataTables.bootstrap4.css HTTP/1.1" 404 1130
::1 - - [18/Oct/2022:05:59:26 +0700] "GET /dashboard/kelas/1 HTTP/1.1" 307 -
::1 - - [18/Oct/2022:05:59:27 +0700] "GET /auth/logout HTTP/1.1" 307 -
::1 - - [18/Oct/2022:05:59:27 +0700] "GET /auth HTTP/1.1" 200 4498
::1 - - [18/Oct/2022:05:59:27 +0700] "GET /assets/css/auth/styles.css?time=1666047567 HTTP/1.1" 200 4098
::1 - - [18/Oct/2022:05:59:27 +0700] "GET /assets/js/auth/main.js HTTP/1.1" 304 -
::1 - - [18/Oct/2022:05:59:29 +0700] "GET /favicon.ico HTTP/1.1" 404 1130
::1 - - [18/Oct/2022:05:59:34 +0700] "POST /auth/login HTTP/1.1" 303 -
::1 - - [18/Oct/2022:05:59:35 +0700] "GET /dashboard HTTP/1.1" 200 16300
::1 - - [18/Oct/2022:05:59:35 +0700] "GET /assets/css/admin/style.css?time=1666047575 HTTP/1.1" 200 131885
::1 - - [18/Oct/2022:05:59:35 +0700] "GET /assets/css/admin/perfect-scrollbar.css HTTP/1.1" 404 1130
::1 - - [18/Oct/2022:05:59:35 +0700] "GET /assets/css/admin/dataTables.bootstrap4.css HTTP/1.1" 404 1130
::1 - - [18/Oct/2022:05:59:35 +0700] "GET /assets/css/admin/responsive.dataTables.min.css HTTP/1.1" 404 1130
::1 - - [18/Oct/2022:05:59:35 +0700] "GET /assets/js/admin/custom.min.js HTTP/1.1" 200 3874
::1 - - [18/Oct/2022:05:59:35 +0700] "GET /assets/css/admin/responsive.dataTables.min.css HTTP/1.1" 404 1130
::1 - - [18/Oct/2022:05:59:35 +0700] "GET /assets/css/admin/perfect-scrollbar.css HTTP/1.1" 404 1130
::1 - - [18/Oct/2022:05:59:35 +0700] "GET /assets/css/admin/dataTables.bootstrap4.css HTTP/1.1" 404 1130
::1 - - [18/Oct/2022:05:59:42 +0700] "GET /dashboard/kelas HTTP/1.1" 200 13320
::1 - - [18/Oct/2022:05:59:43 +0700] "GET /assets/css/admin/style.css?time=1666047583 HTTP/1.1" 200 131885
::1 - - [18/Oct/2022:05:59:43 +0700] "GET /assets/css/admin/perfect-scrollbar.css HTTP/1.1" 404 1130
::1 - - [18/Oct/2022:05:59:43 +0700] "GET /assets/css/admin/dataTables.bootstrap4.css HTTP/1.1" 404 1130
::1 - - [18/Oct/2022:05:59:43 +0700] "GET /assets/css/admin/responsive.dataTables.min.css HTTP/1.1" 404 1130
::1 - - [18/Oct/2022:05:59:43 +0700] "GET /assets/css/admin/dataTables.bootstrap4.css HTTP/1.1" 404 1130
::1 - - [18/Oct/2022:05:59:43 +0700] "GET /assets/css/admin/responsive.dataTables.min.css HTTP/1.1" 404 1130
::1 - - [18/Oct/2022:05:59:43 +0700] "GET /assets/css/admin/perfect-scrollbar.css HTTP/1.1" 404 1130
::1 - - [18/Oct/2022:06:00:02 +0700] "GET /dashboard/kelas/2 HTTP/1.1" 200 14389
::1 - - [18/Oct/2022:06:00:02 +0700] "GET /assets/css/admin/style.css?time=1666047602 HTTP/1.1" 200 131885
::1 - - [18/Oct/2022:06:00:02 +0700] "GET /assets/css/admin/responsive.dataTables.min.css HTTP/1.1" 404 1130
::1 - - [18/Oct/2022:06:00:02 +0700] "GET /assets/css/admin/perfect-scrollbar.css HTTP/1.1" 404 1130
::1 - - [18/Oct/2022:06:00:02 +0700] "GET /assets/css/admin/dataTables.bootstrap4.css HTTP/1.1" 404 1130
::1 - - [18/Oct/2022:06:00:03 +0700] "GET /assets/css/admin/perfect-scrollbar.css HTTP/1.1" 404 1130
::1 - - [18/Oct/2022:06:00:03 +0700] "GET /assets/css/admin/dataTables.bootstrap4.css HTTP/1.1" 404 1130
::1 - - [18/Oct/2022:06:00:03 +0700] "GET /assets/css/admin/responsive.dataTables.min.css HTTP/1.1" 404 1130
::1 - - [18/Oct/2022:06:00:13 +0700] "POST /dashboard/kelas/TDJGa2JXbHVMMmh2YldVdmFHRndkWE5mYTJWc1lYTT0= HTTP/1.1" 400 1134
::1 - - [18/Oct/2022:06:00:57 +0700] "GET /dashboard/kelas/2 HTTP/1.1" 200 14389
::1 - - [18/Oct/2022:06:01:46 +0700] "GET /dashboard/kelas/2 HTTP/1.1" 200 14389
::1 - - [18/Oct/2022:06:01:46 +0700] "GET /assets/css/admin/style.css?time=1666047706 HTTP/1.1" 200 131885
::1 - - [18/Oct/2022:06:01:46 +0700] "GET /assets/css/admin/dataTables.bootstrap4.css HTTP/1.1" 404 1130
::1 - - [18/Oct/2022:06:01:46 +0700] "GET /assets/css/admin/perfect-scrollbar.css HTTP/1.1" 404 1130
::1 - - [18/Oct/2022:06:01:46 +0700] "GET /assets/css/admin/responsive.dataTables.min.css HTTP/1.1" 404 1130
::1 - - [18/Oct/2022:06:01:47 +0700] "GET /assets/css/admin/perfect-scrollbar.css HTTP/1.1" 404 1130
::1 - - [18/Oct/2022:06:01:47 +0700] "GET /assets/css/admin/responsive.dataTables.min.css HTTP/1.1" 404 1130
::1 - - [18/Oct/2022:06:01:47 +0700] "GET /assets/css/admin/dataTables.bootstrap4.css HTTP/1.1" 404 1130
::1 - - [18/Oct/2022:06:01:47 +0700] "GET /assets/img/favicon.png HTTP/1.1" 200 1291
::1 - - [18/Oct/2022:06:01:49 +0700] "POST /admin/home/hapus_kelas HTTP/1.1" 500 1822
::1 - - [18/Oct/2022:06:07:02 +0700] "POST /admin/home/hapus_kelas HTTP/1.1" 200 62
::1 - - [18/Oct/2022:06:07:05 +0700] "GET /dashboard/kelas HTTP/1.1" 200 12989
::1 - - [18/Oct/2022:06:07:06 +0700] "GET /assets/css/admin/style.css?time=1666048026 HTTP/1.1" 200 131885
::1 - - [18/Oct/2022:06:07:06 +0700] "GET /assets/css/admin/perfect-scrollbar.css HTTP/1.1" 404 1130
::1 - - [18/Oct/2022:06:07:06 +0700] "GET /assets/css/admin/dataTables.bootstrap4.css HTTP/1.1" 404 1130
::1 - - [18/Oct/2022:06:07:06 +0700] "GET /assets/css/admin/responsive.dataTables.min.css HTTP/1.1" 404 1130
::1 - - [18/Oct/2022:06:07:06 +0700] "GET /assets/css/admin/responsive.dataTables.min.css HTTP/1.1" 404 1130
::1 - - [18/Oct/2022:06:07:06 +0700] "GET /assets/css/admin/perfect-scrollbar.css HTTP/1.1" 404 1130
::1 - - [18/Oct/2022:06:07:06 +0700] "GET /assets/css/admin/dataTables.bootstrap4.css HTTP/1.1" 404 1130
::1 - - [18/Oct/2022:06:08:39 +0700] "GET /dashboard/materi HTTP/1.1" 200 13820
::1 - - [18/Oct/2022:06:08:39 +0700] "GET /assets/css/admin/style.css?time=1666048119 HTTP/1.1" 200 131885
::1 - - [18/Oct/2022:06:08:39 +0700] "GET /assets/css/admin/perfect-scrollbar.css HTTP/1.1" 404 1130
::1 - - [18/Oct/2022:06:08:39 +0700] "GET /assets/css/admin/dataTables.bootstrap4.css HTTP/1.1" 404 1130
::1 - - [18/Oct/2022:06:08:39 +0700] "GET /assets/css/admin/responsive.dataTables.min.css HTTP/1.1" 404 1130
::1 - - [18/Oct/2022:06:08:40 +0700] "GET /assets/css/admin/perfect-scrollbar.css HTTP/1.1" 404 1130
::1 - - [18/Oct/2022:06:08:40 +0700] "GET /assets/css/admin/responsive.dataTables.min.css HTTP/1.1" 404 1130
::1 - - [18/Oct/2022:06:08:40 +0700] "GET /assets/css/admin/dataTables.bootstrap4.css HTTP/1.1" 404 1130
::1 - - [18/Oct/2022:06:08:44 +0700] "GET /dashboard/materi/tambah HTTP/1.1" 200 15842
::1 - - [18/Oct/2022:06:08:44 +0700] "GET /assets/css/admin/style.css?time=1666048124 HTTP/1.1" 200 131885
::1 - - [18/Oct/2022:06:08:44 +0700] "GET /assets/css/admin/dropify.min.css HTTP/1.1" 304 -
::1 - - [18/Oct/2022:06:08:44 +0700] "GET /assets/css/admin/perfect-scrollbar.css HTTP/1.1" 404 1130
::1 - - [18/Oct/2022:06:08:44 +0700] "GET /assets/css/admin/responsive.dataTables.min.css HTTP/1.1" 404 1130
::1 - - [18/Oct/2022:06:08:44 +0700] "GET /assets/css/admin/dataTables.bootstrap4.css HTTP/1.1" 404 1130
::1 - - [18/Oct/2022:06:08:44 +0700] "GET /assets/css/admin/perfect-scrollbar.css HTTP/1.1" 404 1130
::1 - - [18/Oct/2022:06:08:44 +0700] "GET /assets/css/admin/responsive.dataTables.min.css HTTP/1.1" 404 1130
::1 - - [18/Oct/2022:06:08:44 +0700] "GET /assets/css/admin/dataTables.bootstrap4.css HTTP/1.1" 404 1130
::1 - - [18/Oct/2022:06:08:53 +0700] "GET /dashboard HTTP/1.1" 200 16300
::1 - - [18/Oct/2022:06:08:53 +0700] "GET /assets/css/admin/style.css?time=1666048133 HTTP/1.1" 200 131885
::1 - - [18/Oct/2022:06:08:53 +0700] "GET /assets/css/admin/perfect-scrollbar.css HTTP/1.1" 404 1130
::1 - - [18/Oct/2022:06:08:53 +0700] "GET /assets/css/admin/dataTables.bootstrap4.css HTTP/1.1" 404 1130
::1 - - [18/Oct/2022:06:08:53 +0700] "GET /assets/css/admin/responsive.dataTables.min.css HTTP/1.1" 404 1130
::1 - - [18/Oct/2022:06:08:54 +0700] "GET /assets/css/admin/perfect-scrollbar.css HTTP/1.1" 404 1130
::1 - - [18/Oct/2022:06:08:54 +0700] "GET /assets/css/admin/responsive.dataTables.min.css HTTP/1.1" 404 1130
::1 - - [18/Oct/2022:06:08:54 +0700] "GET /assets/css/admin/dataTables.bootstrap4.css HTTP/1.1" 404 1130
::1 - - [18/Oct/2022:06:08:57 +0700] "GET /dashboard/materi HTTP/1.1" 200 13820
::1 - - [18/Oct/2022:06:08:58 +0700] "GET /assets/css/admin/style.css?time=1666048137 HTTP/1.1" 200 131885
::1 - - [18/Oct/2022:06:08:58 +0700] "GET /assets/css/admin/responsive.dataTables.min.css HTTP/1.1" 404 1130
::1 - - [18/Oct/2022:06:08:58 +0700] "GET /assets/css/admin/perfect-scrollbar.css HTTP/1.1" 404 1130
::1 - - [18/Oct/2022:06:08:58 +0700] "GET /assets/css/admin/dataTables.bootstrap4.css HTTP/1.1" 404 1130
::1 - - [18/Oct/2022:06:08:58 +0700] "GET /assets/css/admin/perfect-scrollbar.css HTTP/1.1" 404 1130
::1 - - [18/Oct/2022:06:08:58 +0700] "GET /assets/css/admin/responsive.dataTables.min.css HTTP/1.1" 404 1130
::1 - - [18/Oct/2022:06:08:58 +0700] "GET /assets/css/admin/dataTables.bootstrap4.css HTTP/1.1" 404 1130
::1 - - [18/Oct/2022:06:28:39 +0700] "GET /dashboard/materi HTTP/1.1" 200 13820
::1 - - [18/Oct/2022:06:28:39 +0700] "GET /assets/css/admin/style.css?time=1666049319 HTTP/1.1" 200 131885
::1 - - [18/Oct/2022:06:28:39 +0700] "GET /assets/css/admin/dataTables.bootstrap4.css HTTP/1.1" 404 1130
::1 - - [18/Oct/2022:06:28:39 +0700] "GET /assets/css/admin/perfect-scrollbar.css HTTP/1.1" 404 1130
::1 - - [18/Oct/2022:06:28:39 +0700] "GET /assets/css/admin/responsive.dataTables.min.css HTTP/1.1" 404 1130
::1 - - [18/Oct/2022:06:28:40 +0700] "GET /assets/css/admin/dataTables.bootstrap4.css HTTP/1.1" 404 1130
::1 - - [18/Oct/2022:06:28:40 +0700] "GET /assets/css/admin/perfect-scrollbar.css HTTP/1.1" 404 1130
::1 - - [18/Oct/2022:06:28:40 +0700] "GET /assets/css/admin/responsive.dataTables.min.css HTTP/1.1" 404 1130
::1 - - [18/Oct/2022:06:28:40 +0700] "GET /assets/img/favicon.png HTTP/1.1" 200 1291
::1 - - [18/Oct/2022:06:28:41 +0700] "GET /dashboard/materi/tambah HTTP/1.1" 200 16175
::1 - - [18/Oct/2022:06:28:41 +0700] "GET /assets/css/admin/style.css?time=1666049321 HTTP/1.1" 200 131885
::1 - - [18/Oct/2022:06:28:41 +0700] "GET /assets/css/admin/dataTables.bootstrap4.css HTTP/1.1" 404 1130
::1 - - [18/Oct/2022:06:28:41 +0700] "GET /assets/css/admin/perfect-scrollbar.css HTTP/1.1" 404 1130
::1 - - [18/Oct/2022:06:28:41 +0700] "GET /assets/css/admin/responsive.dataTables.min.css HTTP/1.1" 404 1130
::1 - - [18/Oct/2022:06:28:42 +0700] "GET /assets/css/admin/dataTables.bootstrap4.css HTTP/1.1" 404 1130
::1 - - [18/Oct/2022:06:28:42 +0700] "GET /assets/css/admin/perfect-scrollbar.css HTTP/1.1" 404 1130
::1 - - [18/Oct/2022:06:28:42 +0700] "GET /assets/css/admin/responsive.dataTables.min.css HTTP/1.1" 404 1130
::1 - - [18/Oct/2022:06:29:21 +0700] "GET /dashboard/materi/tambah HTTP/1.1" 200 16111
::1 - - [18/Oct/2022:06:29:22 +0700] "GET /assets/css/admin/style.css?time=1666049361 HTTP/1.1" 200 131885
::1 - - [18/Oct/2022:06:29:22 +0700] "GET /assets/css/admin/responsive.dataTables.min.css HTTP/1.1" 404 1130
::1 - - [18/Oct/2022:06:29:22 +0700] "GET /assets/css/admin/dataTables.bootstrap4.css HTTP/1.1" 404 1130
::1 - - [18/Oct/2022:06:29:22 +0700] "GET /assets/css/admin/perfect-scrollbar.css HTTP/1.1" 404 1130
::1 - - [18/Oct/2022:06:29:22 +0700] "GET /assets/css/admin/perfect-scrollbar.css HTTP/1.1" 404 1130
::1 - - [18/Oct/2022:06:29:22 +0700] "GET /assets/css/admin/dataTables.bootstrap4.css HTTP/1.1" 404 1130
::1 - - [18/Oct/2022:06:29:22 +0700] "GET /assets/css/admin/responsive.dataTables.min.css HTTP/1.1" 404 1130
::1 - - [18/Oct/2022:06:29:23 +0700] "GET /assets/img/favicon.png HTTP/1.1" 200 1291
::1 - - [18/Oct/2022:06:29:42 +0700] "GET /dashboard/materi/tambah HTTP/1.1" 200 16112
::1 - - [18/Oct/2022:06:29:42 +0700] "GET /assets/css/admin/style.css?time=1666049382 HTTP/1.1" 200 131885
::1 - - [18/Oct/2022:06:29:42 +0700] "GET /assets/css/admin/perfect-scrollbar.css HTTP/1.1" 404 1130
::1 - - [18/Oct/2022:06:29:42 +0700] "GET /assets/css/admin/dataTables.bootstrap4.css HTTP/1.1" 404 1130
::1 - - [18/Oct/2022:06:29:42 +0700] "GET /assets/css/admin/responsive.dataTables.min.css HTTP/1.1" 404 1130
::1 - - [18/Oct/2022:06:29:43 +0700] "GET /assets/css/admin/perfect-scrollbar.css HTTP/1.1" 404 1130
::1 - - [18/Oct/2022:06:29:43 +0700] "GET /assets/css/admin/dataTables.bootstrap4.css HTTP/1.1" 404 1130
::1 - - [18/Oct/2022:06:29:43 +0700] "GET /assets/css/admin/responsive.dataTables.min.css HTTP/1.1" 404 1130
::1 - - [18/Oct/2022:06:29:43 +0700] "GET /assets/img/favicon.png HTTP/1.1" 200 1291
::1 - - [18/Oct/2022:06:30:10 +0700] "GET /dashboard/materi/tambah HTTP/1.1" 200 16115
::1 - - [18/Oct/2022:06:30:10 +0700] "GET /assets/css/admin/style.css?time=1666049410 HTTP/1.1" 200 131885
::1 - - [18/Oct/2022:06:30:10 +0700] "GET /assets/css/admin/responsive.dataTables.min.css HTTP/1.1" 404 1130
::1 - - [18/Oct/2022:06:30:10 +0700] "GET /assets/css/admin/perfect-scrollbar.css HTTP/1.1" 404 1130
::1 - - [18/Oct/2022:06:30:10 +0700] "GET /assets/css/admin/dataTables.bootstrap4.css HTTP/1.1" 404 1130
::1 - - [18/Oct/2022:06:30:11 +0700] "GET /assets/css/admin/dataTables.bootstrap4.css HTTP/1.1" 404 1130
::1 - - [18/Oct/2022:06:30:11 +0700] "GET /assets/css/admin/responsive.dataTables.min.css HTTP/1.1" 404 1130
::1 - - [18/Oct/2022:06:30:11 +0700] "GET /assets/css/admin/perfect-scrollbar.css HTTP/1.1" 404 1130
::1 - - [18/Oct/2022:06:30:11 +0700] "GET /assets/img/favicon.png HTTP/1.1" 200 1291
::1 - - [18/Oct/2022:06:35:06 +0700] "GET /dashboard/materi/tambah HTTP/1.1" 200 16501
::1 - - [18/Oct/2022:06:35:07 +0700] "GET /assets/css/admin/style.css?time=1666049707 HTTP/1.1" 200 131885
::1 - - [18/Oct/2022:06:35:07 +0700] "GET /assets/css/admin/perfect-scrollbar.css HTTP/1.1" 404 1130
::1 - - [18/Oct/2022:06:35:07 +0700] "GET /assets/css/admin/dataTables.bootstrap4.css HTTP/1.1" 404 1130
::1 - - [18/Oct/2022:06:35:07 +0700] "GET /assets/css/admin/responsive.dataTables.min.css HTTP/1.1" 404 1130
::1 - - [18/Oct/2022:06:35:07 +0700] "GET /assets/css/admin/dataTables.bootstrap4.css HTTP/1.1" 404 1130
::1 - - [18/Oct/2022:06:35:07 +0700] "GET /assets/css/admin/perfect-scrollbar.css HTTP/1.1" 404 1130
::1 - - [18/Oct/2022:06:35:07 +0700] "GET /assets/css/admin/responsive.dataTables.min.css HTTP/1.1" 404 1130
::1 - - [18/Oct/2022:06:35:08 +0700] "GET /assets/img/favicon.png HTTP/1.1" 200 1291
::1 - - [18/Oct/2022:06:35:10 +0700] "POST /admin/materi/tambah_materi HTTP/1.1" 200 16501
::1 - - [18/Oct/2022:20:12:41 +0700] "GET /dashboard/materi/tambah HTTP/1.1" 307 -
::1 - - [18/Oct/2022:20:12:41 +0700] "GET /auth/logout HTTP/1.1" 307 -
::1 - - [18/Oct/2022:20:12:41 +0700] "GET /auth HTTP/1.1" 200 4498
::1 - - [18/Oct/2022:20:12:42 +0700] "GET /assets/css/auth/styles.css?time=1666098762 HTTP/1.1" 200 4098
::1 - - [18/Oct/2022:20:12:42 +0700] "GET /assets/js/auth/main.js HTTP/1.1" 304 -
::1 - - [18/Oct/2022:20:12:43 +0700] "GET /favicon.ico HTTP/1.1" 404 1130
::1 - - [18/Oct/2022:20:12:49 +0700] "POST /auth/login HTTP/1.1" 303 -
::1 - - [18/Oct/2022:20:12:49 +0700] "GET /dashboard HTTP/1.1" 200 16300
::1 - - [18/Oct/2022:20:12:50 +0700] "GET /assets/css/admin/dataTables.bootstrap4.css HTTP/1.1" 404 1130
::1 - - [18/Oct/2022:20:12:50 +0700] "GET /assets/css/admin/responsive.dataTables.min.css HTTP/1.1" 404 1130
::1 - - [18/Oct/2022:20:12:50 +0700] "GET /assets/css/admin/perfect-scrollbar.css HTTP/1.1" 404 1130
::1 - - [18/Oct/2022:20:12:50 +0700] "GET /assets/css/admin/style.css?time=1666098769 HTTP/1.1" 200 131885
::1 - - [18/Oct/2022:20:12:50 +0700] "GET /assets/js/admin/custom.min.js HTTP/1.1" 304 -
::1 - - [18/Oct/2022:20:12:50 +0700] "GET /assets/css/admin/responsive.dataTables.min.css HTTP/1.1" 404 1130
::1 - - [18/Oct/2022:20:12:50 +0700] "GET /assets/css/admin/dataTables.bootstrap4.css HTTP/1.1" 404 1130
::1 - - [18/Oct/2022:20:12:50 +0700] "GET /assets/css/admin/perfect-scrollbar.css HTTP/1.1" 404 1130
::1 - - [18/Oct/2022:20:13:02 +0700] "GET /dashboard/kelas HTTP/1.1" 200 12989
::1 - - [18/Oct/2022:20:13:02 +0700] "GET /assets/css/admin/style.css?time=1666098782 HTTP/1.1" 200 131885
::1 - - [18/Oct/2022:20:13:02 +0700] "GET /assets/css/admin/perfect-scrollbar.css HTTP/1.1" 404 1130
::1 - - [18/Oct/2022:20:13:02 +0700] "GET /assets/css/admin/dataTables.bootstrap4.css HTTP/1.1" 404 1130
::1 - - [18/Oct/2022:20:13:02 +0700] "GET /assets/css/admin/responsive.dataTables.min.css HTTP/1.1" 404 1130
::1 - - [18/Oct/2022:20:13:02 +0700] "GET /assets/css/admin/responsive.dataTables.min.css HTTP/1.1" 404 1130
::1 - - [18/Oct/2022:20:13:02 +0700] "GET /assets/css/admin/perfect-scrollbar.css HTTP/1.1" 404 1130
::1 - - [18/Oct/2022:20:13:02 +0700] "GET /assets/css/admin/dataTables.bootstrap4.css HTTP/1.1" 404 1130
::1 - - [18/Oct/2022:20:13:29 +0700] "GET /dashboard/materi HTTP/1.1" 200 13820
::1 - - [18/Oct/2022:20:13:30 +0700] "GET /assets/css/admin/style.css?time=1666098810 HTTP/1.1" 200 131885
::1 - - [18/Oct/2022:20:13:30 +0700] "GET /assets/css/admin/perfect-scrollbar.css HTTP/1.1" 404 1130
::1 - - [18/Oct/2022:20:13:30 +0700] "GET /assets/css/admin/dataTables.bootstrap4.css HTTP/1.1" 404 1130
::1 - - [18/Oct/2022:20:13:30 +0700] "GET /assets/css/admin/responsive.dataTables.min.css HTTP/1.1" 404 1130
::1 - - [18/Oct/2022:20:13:30 +0700] "GET /assets/css/admin/responsive.dataTables.min.css HTTP/1.1" 404 1130
::1 - - [18/Oct/2022:20:13:30 +0700] "GET /assets/css/admin/dataTables.bootstrap4.css HTTP/1.1" 404 1130
::1 - - [18/Oct/2022:20:13:30 +0700] "GET /assets/css/admin/perfect-scrollbar.css HTTP/1.1" 404 1130
